[0.076s] Invoking command in '/workspaces/isaac_ros-dev/build/isaac_ros_bi3d_interfaces': CMAKE_PREFIX_PATH=/opt/ros/humble /usr/bin/cmake /workspaces/isaac_ros-dev/src/isaac_ros_common/isaac_ros_bi3d_interfaces -DCMAKE_INSTALL_PREFIX=/workspaces/isaac_ros-dev/install/isaac_ros_bi3d_interfaces
[0.118s] -- Found ament_cmake_auto: 1.3.9 (/opt/ros/humble/share/ament_cmake_auto/cmake)
[0.438s] -- Override CMake install command with custom implementation using symlinks instead of copying resources
[0.625s] -- Using all available rosidl_typesupport_c: rosidl_typesupport_fastrtps_c;rosidl_typesupport_introspection_c
[0.631s] -- Found rosidl_adapter: 3.1.5 (/opt/ros/humble/share/rosidl_adapter/cmake)
[0.697s] -- Using all available rosidl_typesupport_cpp: rosidl_typesupport_fastrtps_cpp;rosidl_typesupport_introspection_cpp
[1.355s] -- Found ament_cmake_ros: 0.10.0 (/opt/ros/humble/share/ament_cmake_ros/cmake)
[1.882s] -- Using all available rosidl_typesupport_c: rosidl_typesupport_fastrtps_c;rosidl_typesupport_introspection_c
[2.594s] -- Using all available rosidl_typesupport_cpp: rosidl_typesupport_fastrtps_cpp;rosidl_typesupport_introspection_cpp
[2.658s] -- Found python_cmake_module: 0.10.0 (/opt/ros/humble/share/python_cmake_module/cmake)
[2.720s] -- Using PYTHON_EXECUTABLE: /usr/bin/python3
[2.721s] -- Using PYTHON_INCLUDE_DIRS: /usr/include/python3.10
[2.721s] -- Using PYTHON_LIBRARIES: /usr/lib/aarch64-linux-gnu/libpython3.10.so
[2.784s] -- Found ament_lint_auto: 0.12.11 (/opt/ros/humble/share/ament_lint_auto/cmake)
[2.827s] -- Added test 'copyright' to check source files copyright and LICENSE
[2.830s] -- Added test 'lint_cmake' to check CMake code style
[2.831s] -- Added test 'xmllint' to check XML markup files
[2.845s] -- Configuring done
[3.104s] -- Generating done
[3.112s] -- Build files have been written to: /workspaces/isaac_ros-dev/build/isaac_ros_bi3d_interfaces
[3.134s] Invoked command in '/workspaces/isaac_ros-dev/build/isaac_ros_bi3d_interfaces' returned '0': CMAKE_PREFIX_PATH=/opt/ros/humble /usr/bin/cmake /workspaces/isaac_ros-dev/src/isaac_ros_common/isaac_ros_bi3d_interfaces -DCMAKE_INSTALL_PREFIX=/workspaces/isaac_ros-dev/install/isaac_ros_bi3d_interfaces
[3.137s] Invoking command in '/workspaces/isaac_ros-dev/build/isaac_ros_bi3d_interfaces': CMAKE_PREFIX_PATH=/opt/ros/humble /usr/bin/cmake --build /workspaces/isaac_ros-dev/build/isaac_ros_bi3d_interfaces -- -j6 -l6
[4.508s] [35m[1mConsolidate compiler generated dependencies of target isaac_ros_bi3d_interfaces__rosidl_generator_c[0m
[4.508s] [  3%] Built target isaac_ros_bi3d_interfaces__cpp
[4.511s] [ 12%] Built target isaac_ros_bi3d_interfaces__rosidl_generator_c
[4.511s] [35m[1mConsolidate compiler generated dependencies of target isaac_ros_bi3d_interfaces__rosidl_typesupport_fastrtps_c[0m
[4.511s] [35m[1mConsolidate compiler generated dependencies of target isaac_ros_bi3d_interfaces__rosidl_typesupport_cpp[0m
[4.512s] [ 22%] Built target isaac_ros_bi3d_interfaces__rosidl_typesupport_cpp
[4.512s] [ 25%] [32mBuilding CXX object CMakeFiles/isaac_ros_bi3d_interfaces__rosidl_typesupport_fastrtps_c.dir/rosidl_typesupport_fastrtps_c/isaac_ros_bi3d_interfaces/msg/detail/bi3_d_inference_parameters_array__type_support_c.cpp.o[0m
[4.512s] failed to create symbolic link '/workspaces/isaac_ros-dev/build/isaac_ros_bi3d_interfaces/ament_cmake_python/isaac_ros_bi3d_interfaces/isaac_ros_bi3d_interfaces' because existing path cannot be removed: Is a directory
[4.512s] gmake[2]: *** [CMakeFiles/ament_cmake_python_symlink_isaac_ros_bi3d_interfaces.dir/build.make:70: CMakeFiles/ament_cmake_python_symlink_isaac_ros_bi3d_interfaces] Error 1
[4.512s] gmake[1]: *** [CMakeFiles/Makefile2:421: CMakeFiles/ament_cmake_python_symlink_isaac_ros_bi3d_interfaces.dir/all] Error 2
[4.513s] gmake[1]: *** Waiting for unfinished jobs....
[6.036s] [ 29%] [32m[1mLinking CXX shared library libisaac_ros_bi3d_interfaces__rosidl_typesupport_fastrtps_c.so[0m
[6.409s] [ 32%] Built target isaac_ros_bi3d_interfaces__rosidl_typesupport_fastrtps_c
[6.412s] gmake: *** [Makefile:146: all] Error 2
