ERROR setuptools_scm._file_finders.git listing git files failed - pretending there aren't any
[01m[K/workspaces/isaac_ros-dev/src/more_interfaces/src/publish_address_book.cpp:11:9:[m[K [01;31m[Kerror: [m[KISO C++ forbids declaration of â€˜[01m[KAddressBookPublusher[m[Kâ€™ with no type [[01;31m[K]8;;https://gcc.gnu.org/onlinedocs/gcc/Warning-Options.html#index-fpermissive-fpermissive]8;;[m[K]
   11 |         [01;31m[KAddressBookPublusher[m[K() : Node("address_book_publisher_")
      |         [01;31m[K^~~~~~~~~~~~~~~~~~~~[m[K
[01m[K/workspaces/isaac_ros-dev/src/more_interfaces/src/publish_address_book.cpp:[m[K In member function â€˜[01m[Kint AddressBookPublisher::AddressBookPublusher()[m[Kâ€™:
[01m[K/workspaces/isaac_ros-dev/src/more_interfaces/src/publish_address_book.cpp:11:34:[m[K [01;31m[Kerror: [m[Konly constructors take member initializers
   11 |         AddressBookPublusher() : [01;31m[KNode[m[K("address_book_publisher_")
      |                                  [01;31m[K^~~~[m[K
[01m[K/workspaces/isaac_ros-dev/src/more_interfaces/src/publish_address_book.cpp:16:17:[m[K [01;31m[Kerror: [m[Kâ€˜[01m[Kaddress_book_publisher[m[Kâ€™ was not declared in this scope; did you mean â€˜[01m[Kaddress_book_publisher_[m[Kâ€™?
   16 |                 [01;31m[Kaddress_book_publisher[m[K =
      |                 [01;31m[K^~~~~~~~~~~~~~~~~~~~~~[m[K
      |                 [32m[Kaddress_book_publisher_[m[K
[01m[K/workspaces/isaac_ros-dev/src/more_interfaces/src/publish_address_book.cpp:34:9:[m[K [01;35m[Kwarning: [m[Kno return statement in function returning non-void [[01;35m[K]8;;https://gcc.gnu.org/onlinedocs/gcc/Warning-Options.html#index-Wreturn-type-Wreturn-type]8;;[m[K]
   34 |         [01;35m[K}[m[K
      |         [01;35m[K^[m[K
[01m[K/workspaces/isaac_ros-dev/src/more_interfaces/src/publish_address_book.cpp:[m[K In function â€˜[01m[Kint main(int, char**)[m[Kâ€™:
[01m[K/workspaces/isaac_ros-dev/src/more_interfaces/src/publish_address_book.cpp:46:60:[m[K [01;31m[Kerror: [m[Kuse of deleted function â€˜[01m[KAddressBookPublisher::AddressBookPublisher()[m[Kâ€™
   46 |         rclcpp::spin(std::make_shared<AddressBookPublisher([01;31m[K)[m[K);
      |                                                            [01;31m[K^[m[K
[01m[K/workspaces/isaac_ros-dev/src/more_interfaces/src/publish_address_book.cpp:9:7:[m[K [01;36m[Knote: [m[Kâ€˜[01m[KAddressBookPublisher::AddressBookPublisher()[m[Kâ€™ is implicitly deleted because the default definition would be ill-formed:
    9 | class [01;36m[KAddressBookPublisher[m[K : public rclcpp::Node {
      |       [01;36m[K^~~~~~~~~~~~~~~~~~~~[m[K
[01m[K/workspaces/isaac_ros-dev/src/more_interfaces/src/publish_address_book.cpp:9:7:[m[K [01;31m[Kerror: [m[Kno matching function for call to â€˜[01m[Krclcpp::Node::Node()[m[Kâ€™
In file included from [01m[K/opt/ros/humble/include/rclcpp/rclcpp/executors/single_threaded_executor.hpp:28[m[K,
                 from [01m[K/opt/ros/humble/include/rclcpp/rclcpp/executors.hpp:22[m[K,
                 from [01m[K/opt/ros/humble/include/rclcpp/rclcpp/rclcpp.hpp:155[m[K,
                 from [01m[K/workspaces/isaac_ros-dev/src/more_interfaces/src/publish_address_book.cpp:4[m[K:
[01m[K/opt/ros/humble/include/rclcpp/rclcpp/node.hpp:1294:3:[m[K [01;36m[Knote: [m[Kcandidate: â€˜[01m[Krclcpp::Node::Node(const rclcpp::Node&, const string&)[m[Kâ€™
 1294 |   [01;36m[KNode[m[K(
      |   [01;36m[K^~~~[m[K
[01m[K/opt/ros/humble/include/rclcpp/rclcpp/node.hpp:1294:3:[m[K [01;36m[Knote: [m[K  candidate expects 2 arguments, 0 provided
[01m[K/opt/ros/humble/include/rclcpp/rclcpp/node.hpp:101:12:[m[K [01;36m[Knote: [m[Kcandidate: â€˜[01m[Krclcpp::Node::Node(const string&, const string&, const rclcpp::NodeOptions&)[m[Kâ€™
  101 |   explicit [01;36m[KNode[m[K(
      |            [01;36m[K^~~~[m[K
[01m[K/opt/ros/humble/include/rclcpp/rclcpp/node.hpp:101:12:[m[K [01;36m[Knote: [m[K  candidate expects 3 arguments, 0 provided
[01m[K/opt/ros/humble/include/rclcpp/rclcpp/node.hpp:89:12:[m[K [01;36m[Knote: [m[Kcandidate: â€˜[01m[Krclcpp::Node::Node(const string&, const rclcpp::NodeOptions&)[m[Kâ€™
   89 |   explicit [01;36m[KNode[m[K(
      |            [01;36m[K^~~~[m[K
[01m[K/opt/ros/humble/include/rclcpp/rclcpp/node.hpp:89:12:[m[K [01;36m[Knote: [m[K  candidate expects 2 arguments, 0 provided
[01m[K/workspaces/isaac_ros-dev/src/more_interfaces/src/publish_address_book.cpp:46:27:[m[K [01;31m[Kerror: [m[Kparse error in template argument list
   46 |         rclcpp::spin(std::[01;31m[Kmake_shared<AddressBookPublisher()[m[K);
      |                           [01;31m[K^~~~~~~~~~~~~~~~~~~~~~~~~~~~~~~~~~[m[K
[01m[K/workspaces/isaac_ros-dev/src/more_interfaces/src/publish_address_book.cpp:46:21:[m[K [01;31m[Kerror: [m[Kno matching function for call to â€˜[01m[Kspin(<unresolved overloaded function type>)[m[Kâ€™
   46 |         [01;31m[Krclcpp::spin(std::make_shared<AddressBookPublisher())[m[K;
      |         [01;31m[K~~~~~~~~~~~~^~~~~~~~~~~~~~~~~~~~~~~~~~~~~~~~~~~~~~~~~[m[K
In file included from [01m[K/opt/ros/humble/include/rclcpp/rclcpp/rclcpp.hpp:155[m[K,
                 from [01m[K/workspaces/isaac_ros-dev/src/more_interfaces/src/publish_address_book.cpp:4[m[K:
[01m[K/opt/ros/humble/include/rclcpp/rclcpp/executors.hpp:45:1:[m[K [01;36m[Knote: [m[Kcandidate: â€˜[01m[Kvoid rclcpp::spin(rclcpp::node_interfaces::NodeBaseInterface::SharedPtr)[m[Kâ€™
   45 | [01;36m[Kspin[m[K(rclcpp::node_interfaces::NodeBaseInterface::SharedPtr node_ptr);
      | [01;36m[K^~~~[m[K
[01m[K/opt/ros/humble/include/rclcpp/rclcpp/executors.hpp:45:60:[m[K [01;36m[Knote: [m[K  no known conversion for argument 1 from â€˜[01m[K<unresolved overloaded function type>[m[Kâ€™ to â€˜[01m[Krclcpp::node_interfaces::NodeBaseInterface::SharedPtr[m[Kâ€™ {aka â€˜[01m[Kstd::shared_ptr<rclcpp::node_interfaces::NodeBaseInterface>[m[Kâ€™}
   45 | spin([01;36m[Krclcpp::node_interfaces::NodeBaseInterface::SharedPtr node_ptr[m[K);
      |      [01;36m[K~~~~~~~~~~~~~~~~~~~~~~~~~~~~~~~~~~~~~~~~~~~~~~~~~~~~~~^~~~~~~~[m[K
[01m[K/opt/ros/humble/include/rclcpp/rclcpp/executors.hpp:49:1:[m[K [01;36m[Knote: [m[Kcandidate: â€˜[01m[Kvoid rclcpp::spin(rclcpp::Node::SharedPtr)[m[Kâ€™
   49 | [01;36m[Kspin[m[K(rclcpp::Node::SharedPtr node_ptr);
      | [01;36m[K^~~~[m[K
[01m[K/opt/ros/humble/include/rclcpp/rclcpp/executors.hpp:49:30:[m[K [01;36m[Knote: [m[K  no known conversion for argument 1 from â€˜[01m[K<unresolved overloaded function type>[m[Kâ€™ to â€˜[01m[Krclcpp::Node::SharedPtr[m[Kâ€™ {aka â€˜[01m[Kstd::shared_ptr<rclcpp::Node>[m[Kâ€™}
   49 | spin([01;36m[Krclcpp::Node::SharedPtr node_ptr[m[K);
      |      [01;36m[K~~~~~~~~~~~~~~~~~~~~~~~~^~~~~~~~[m[K
gmake[2]: *** [CMakeFiles/publish_address_book.dir/build.make:76: CMakeFiles/publish_address_book.dir/src/publish_address_book.cpp.o] Error 1
gmake[1]: *** [CMakeFiles/Makefile2:593: CMakeFiles/publish_address_book.dir/all] Error 2
gmake: *** [Makefile:146: all] Error 2
