[0.019s] Invoking command in '/workspaces/isaac_ros-dev/build/cpp_srvcli': CMAKE_PREFIX_PATH=/opt/ros/humble /usr/bin/cmake /workspaces/isaac_ros-dev/src/cpp_srvcli -DCMAKE_INSTALL_PREFIX=/workspaces/isaac_ros-dev/install/cpp_srvcli
[0.048s] -- Found ament_cmake: 1.3.9 (/opt/ros/humble/share/ament_cmake/cmake)
[0.343s] -- Found rclcpp: 16.0.9 (/opt/ros/humble/share/rclcpp/cmake)
[0.417s] -- Found rosidl_generator_c: 3.1.5 (/opt/ros/humble/share/rosidl_generator_c/cmake)
[0.422s] -- Found rosidl_adapter: 3.1.5 (/opt/ros/humble/share/rosidl_adapter/cmake)
[0.433s] -- Found rosidl_generator_cpp: 3.1.5 (/opt/ros/humble/share/rosidl_generator_cpp/cmake)
[0.455s] -- Using all available rosidl_typesupport_c: rosidl_typesupport_fastrtps_c;rosidl_typesupport_introspection_c
[0.484s] -- Using all available rosidl_typesupport_cpp: rosidl_typesupport_fastrtps_cpp;rosidl_typesupport_introspection_cpp
[0.593s] -- Found rmw_implementation_cmake: 6.1.2 (/opt/ros/humble/share/rmw_implementation_cmake/cmake)
[0.595s] -- Found rmw_fastrtps_cpp: 6.2.6 (/opt/ros/humble/share/rmw_fastrtps_cpp/cmake)
[0.873s] -- Using RMW implementation 'rmw_fastrtps_cpp' as default
[1.161s] -- Found example_interfaces: 0.9.3 (/opt/ros/humble/share/example_interfaces/cmake)
[1.417s] -- Found ament_lint_auto: 0.12.11 (/opt/ros/humble/share/ament_lint_auto/cmake)
[1.645s] -- Added test 'cppcheck' to perform static code analysis on C / C++ code
[1.646s] -- Configured cppcheck include dirs: 
[1.646s] -- Configured cppcheck exclude dirs and/or files: 
[1.648s] -- Added test 'lint_cmake' to check CMake code style
[1.651s] -- Added test 'uncrustify' to check C / C++ code style
[1.651s] -- Configured uncrustify additional arguments: 
[1.653s] -- Added test 'xmllint' to check XML markup files
[1.659s] -- Configuring done
[1.694s] -- Generating done
[1.697s] -- Build files have been written to: /workspaces/isaac_ros-dev/build/cpp_srvcli
[1.719s] Invoked command in '/workspaces/isaac_ros-dev/build/cpp_srvcli' returned '0': CMAKE_PREFIX_PATH=/opt/ros/humble /usr/bin/cmake /workspaces/isaac_ros-dev/src/cpp_srvcli -DCMAKE_INSTALL_PREFIX=/workspaces/isaac_ros-dev/install/cpp_srvcli
[1.723s] Invoking command in '/workspaces/isaac_ros-dev/build/cpp_srvcli': CMAKE_PREFIX_PATH=/opt/ros/humble /usr/bin/cmake --build /workspaces/isaac_ros-dev/build/cpp_srvcli -- -j6 -l6
[1.850s] [ 50%] [32mBuilding CXX object CMakeFiles/server.dir/src/server.cpp.o[0m
[1.851s] [ 50%] [32mBuilding CXX object CMakeFiles/client.dir/src/client.cpp.o[0m
[3.355s] [01m[K/workspaces/isaac_ros-dev/src/cpp_srvcli/src/client.cpp:2:10:[m[K [01;31m[Kfatal error: [m[Krclcpp/rclcpp.example_interfaces/srv/add_two_ints.hpp: No such file or directory
[3.356s]     2 | #include [01;31m[K"rclcpp/rclcpp.example_interfaces/srv/add_two_ints.hpp"[m[K
[3.356s]       |          [01;31m[K^~~~~~~~~~~~~~~~~~~~~~~~~~~~~~~~~~~~~~~~~~~~~~~~~~~~~~~[m[K
[3.356s] compilation terminated.
[3.364s] gmake[2]: *** [CMakeFiles/client.dir/build.make:76: CMakeFiles/client.dir/src/client.cpp.o] Error 1
[3.364s] gmake[1]: *** [CMakeFiles/Makefile2:165: CMakeFiles/client.dir/all] Error 2
[3.365s] gmake[1]: *** Waiting for unfinished jobs....
[8.004s] In file included from [01m[K/opt/ros/humble/include/rclcpp/rclcpp/logging.hpp:24[m[K,
[8.004s]                  from [01m[K/opt/ros/humble/include/rclcpp/rclcpp/client.hpp:40[m[K,
[8.004s]                  from [01m[K/opt/ros/humble/include/rclcpp/rclcpp/callback_group.hpp:24[m[K,
[8.005s]                  from [01m[K/opt/ros/humble/include/rclcpp/rclcpp/any_executable.hpp:20[m[K,
[8.005s]                  from [01m[K/opt/ros/humble/include/rclcpp/rclcpp/memory_strategy.hpp:25[m[K,
[8.005s]                  from [01m[K/opt/ros/humble/include/rclcpp/rclcpp/memory_strategies.hpp:18[m[K,
[8.005s]                  from [01m[K/opt/ros/humble/include/rclcpp/rclcpp/executor_options.hpp:20[m[K,
[8.006s]                  from [01m[K/opt/ros/humble/include/rclcpp/rclcpp/executor.hpp:37[m[K,
[8.006s]                  from [01m[K/opt/ros/humble/include/rclcpp/rclcpp/executors/multi_threaded_executor.hpp:25[m[K,
[8.006s]                  from [01m[K/opt/ros/humble/include/rclcpp/rclcpp/executors.hpp:21[m[K,
[8.006s]                  from [01m[K/opt/ros/humble/include/rclcpp/rclcpp/rclcpp.hpp:155[m[K,
[8.007s]                  from [01m[K/workspaces/isaac_ros-dev/src/cpp_srvcli/src/server.cpp:1[m[K:
[8.007s] [01m[K/workspaces/isaac_ros-dev/src/cpp_srvcli/src/server.cpp:[m[K In function â€˜[01m[Kvoid add(std::shared_ptr<example_interfaces::srv::AddTwoInts_Request_<std::allocator<void> > >, std::shared_ptr<example_interfaces::srv::AddTwoInts_Response_<std::allocator<void> > >)[m[Kâ€™:
[8.007s] [01m[K/workspaces/isaac_ros-dev/src/cpp_srvcli/src/server.cpp:15:93:[m[K [01;31m[Kerror: [m[Kâ€˜[01m[Kusing element_type = struct example_interfaces::srv::AddTwoInts_Response_<std::allocator<void> >[m[Kâ€™ {aka â€˜[01m[Kstruct example_interfaces::srv::AddTwoInts_Response_<std::allocator<void> >[m[Kâ€™} has no member named â€˜[01m[Ka[m[Kâ€™
[8.007s]    15 | INFO(rclcpp::get_logger("rclcpp"), "Incoming request\na: %ld""b: %ld", response->[01;31m[Ka[m[K, response->b);
[8.008s]       |                                                                                  [01;31m[K^[m[K
[8.008s] 
[8.008s] [01m[K/workspaces/isaac_ros-dev/src/cpp_srvcli/src/server.cpp:15:106:[m[K [01;31m[Kerror: [m[Kâ€˜[01m[Kusing element_type = struct example_interfaces::srv::AddTwoInts_Response_<std::allocator<void> >[m[Kâ€™ {aka â€˜[01m[Kstruct example_interfaces::srv::AddTwoInts_Response_<std::allocator<void> >[m[Kâ€™} has no member named â€˜[01m[Kb[m[Kâ€™
[8.008s]    15 | rclcpp::get_logger("rclcpp"), "Incoming request\na: %ld""b: %ld", response->a, response->[01;31m[Kb[m[K);
[8.008s]       |                                                                                          [01;31m[K^[m[K
[8.008s] 
[8.008s] [01m[K/workspaces/isaac_ros-dev/src/cpp_srvcli/src/server.cpp:20:33:[m[K [01;31m[Kerror: [m[Ka function-definition is not allowed here before â€˜[01m[K{[m[Kâ€™ token
[8.008s]    20 | int main(int argc, char ** argv)[01;31m[K{[m[K
[8.008s]       |                                 [01;31m[K^[m[K
[8.009s] [01m[K/workspaces/isaac_ros-dev/src/cpp_srvcli/src/server.cpp:37:2:[m[K [01;31m[Kerror: [m[Kexpected â€˜[01m[K}[m[Kâ€™ at end of input
[8.009s]    37 | }
[8.009s]       |  [01;31m[K^[m[K
[8.009s] [01m[K/workspaces/isaac_ros-dev/src/cpp_srvcli/src/server.cpp:12:1:[m[K [01;36m[Knote: [m[Kto match this â€˜[01m[K{[m[Kâ€™
[8.009s]    12 | [01;36m[K{[m[K
[8.009s]       | [01;36m[K^[m[K
[8.992s] gmake[2]: *** [CMakeFiles/server.dir/build.make:76: CMakeFiles/server.dir/src/server.cpp.o] Error 1
[8.993s] gmake[1]: *** [CMakeFiles/Makefile2:139: CMakeFiles/server.dir/all] Error 2
[8.994s] gmake: *** [Makefile:146: all] Error 2
[8.999s] Invoked command in '/workspaces/isaac_ros-dev/build/cpp_srvcli' returned '2': CMAKE_PREFIX_PATH=/opt/ros/humble /usr/bin/cmake --build /workspaces/isaac_ros-dev/build/cpp_srvcli -- -j6 -l6
