[0.022s] Invoking command in '/home/joe/vt/autonav/ros2_ws/build/planner': CMAKE_PREFIX_PATH=/opt/ros/humble /usr/bin/cmake /home/joe/vt/autonav/ros2_ws/src/planner -DCMAKE_INSTALL_PREFIX=/home/joe/vt/autonav/ros2_ws/install/planner
[0.036s] -- Found ament_cmake: 1.3.10 (/opt/ros/humble/share/ament_cmake/cmake)
[0.222s] -- Found rclcpp: 16.0.10 (/opt/ros/humble/share/rclcpp/cmake)
[0.267s] -- Found rosidl_generator_c: 3.1.5 (/opt/ros/humble/share/rosidl_generator_c/cmake)
[0.268s] -- Found rosidl_adapter: 3.1.5 (/opt/ros/humble/share/rosidl_adapter/cmake)
[0.274s] -- Found rosidl_generator_cpp: 3.1.5 (/opt/ros/humble/share/rosidl_generator_cpp/cmake)
[0.287s] -- Using all available rosidl_typesupport_c: rosidl_typesupport_fastrtps_c;rosidl_typesupport_introspection_c
[0.303s] -- Using all available rosidl_typesupport_cpp: rosidl_typesupport_fastrtps_cpp;rosidl_typesupport_introspection_cpp
[0.336s] -- Found rmw_implementation_cmake: 6.1.2 (/opt/ros/humble/share/rmw_implementation_cmake/cmake)
[0.338s] -- Found rmw_fastrtps_cpp: 6.2.7 (/opt/ros/humble/share/rmw_fastrtps_cpp/cmake)
[0.438s] -- Using RMW implementation 'rmw_fastrtps_cpp' as default
[0.475s] -- Found sensor_msgs: 4.2.4 (/opt/ros/humble/share/sensor_msgs/cmake)
[0.500s] -- Found ament_lint_auto: 0.12.11 (/opt/ros/humble/share/ament_lint_auto/cmake)
[0.555s] -- Added test 'cppcheck' to perform static code analysis on C / C++ code
[0.555s] -- Configured cppcheck include dirs: 
[0.555s] -- Configured cppcheck exclude dirs and/or files: 
[0.555s] -- Added test 'lint_cmake' to check CMake code style
[0.556s] -- Added test 'uncrustify' to check C / C++ code style
[0.556s] -- Configured uncrustify additional arguments: 
[0.556s] -- Added test 'xmllint' to check XML markup files
[0.557s] -- Configuring done
[0.564s] -- Generating done
[0.564s] -- Build files have been written to: /home/joe/vt/autonav/ros2_ws/build/planner
[0.570s] Invoked command in '/home/joe/vt/autonav/ros2_ws/build/planner' returned '0': CMAKE_PREFIX_PATH=/opt/ros/humble /usr/bin/cmake /home/joe/vt/autonav/ros2_ws/src/planner -DCMAKE_INSTALL_PREFIX=/home/joe/vt/autonav/ros2_ws/install/planner
[0.572s] Invoking command in '/home/joe/vt/autonav/ros2_ws/build/planner': CMAKE_PREFIX_PATH=/opt/ros/humble /usr/bin/cmake --build /home/joe/vt/autonav/ros2_ws/build/planner -- -j8 -l8
[0.611s] [ 50%] [32mBuilding CXX object CMakeFiles/planner.dir/src/main.cpp.o[0m
[2.488s] [01m[K/home/joe/vt/autonav/ros2_ws/src/planner/src/main.cpp:[m[K In constructor â€˜[01m[KDetector::Detector()[m[Kâ€™:
[2.488s] [01m[K/home/joe/vt/autonav/ros2_ws/src/planner/src/main.cpp:19:18:[m[K [01;31m[Kerror: [m[Kâ€˜[01m[KZedImageSubscriber[m[Kâ€™ has not been declared
[2.488s]    19 |       std::bind(&[01;31m[KZedImageSubscriber[m[K::image_callback, this, std::placeholders::_1));
[2.488s]       |                  [01;31m[K^~~~~~~~~~~~~~~~~~[m[K
[3.085s] gmake[2]: *** [CMakeFiles/planner.dir/build.make:76: CMakeFiles/planner.dir/src/main.cpp.o] Error 1
[3.085s] gmake[1]: *** [CMakeFiles/Makefile2:137: CMakeFiles/planner.dir/all] Error 2
[3.085s] gmake: *** [Makefile:146: all] Error 2
