[0.005s] Invoking command in '/home/joe/vt/autonav/ros2_ws/build/autonav_interfaces': /usr/bin/cmake --build /home/joe/vt/autonav/ros2_ws/build/autonav_interfaces -- -j8 -l8
[0.020s] -- Found ament_cmake: 1.3.10 (/opt/ros/humble/share/ament_cmake/cmake)
[0.107s] Traceback (most recent call last):
[0.107s]   File "/opt/ros/humble/share/ament_cmake_core/cmake/package_templates/templates_2_cmake.py", line 21, in <module>
[0.107s]     from ament_package.templates import get_environment_hook_template_path
[0.107s] ModuleNotFoundError: No module named 'ament_package'
[0.114s] [31mCMake Error at /opt/ros/humble/share/ament_cmake_core/cmake/ament_cmake_package_templates-extras.cmake:41 (message):
[0.114s]   execute_process(/usr/bin/python3
[0.114s]   /opt/ros/humble/share/ament_cmake_core/cmake/package_templates/templates_2_cmake.py
[0.114s]   /home/joe/vt/autonav/ros2_ws/build/autonav_interfaces/ament_cmake_package_templates/templates.cmake)
[0.114s]   returned error code 1
[0.114s] Call Stack (most recent call first):
[0.114s]   /opt/ros/humble/share/ament_cmake_core/cmake/ament_cmake_coreConfig.cmake:41 (include)
[0.114s]   /opt/ros/humble/share/ament_cmake/cmake/ament_cmake_export_dependencies-extras.cmake:15 (find_package)
[0.114s]   /opt/ros/humble/share/ament_cmake/cmake/ament_cmakeConfig.cmake:41 (include)
[0.115s]   CMakeLists.txt:9 (find_package)
[0.115s] 
[0.115s] [0m
[0.115s] -- Configuring incomplete, errors occurred!
[0.115s] See also "/home/joe/vt/autonav/ros2_ws/build/autonav_interfaces/CMakeFiles/CMakeOutput.log".
[0.117s] gmake: *** [Makefile:747: cmake_check_build_system] Error 1
[0.118s] Invoked command in '/home/joe/vt/autonav/ros2_ws/build/autonav_interfaces' returned '2': /usr/bin/cmake --build /home/joe/vt/autonav/ros2_ws/build/autonav_interfaces -- -j8 -l8
