[0.011s] Invoking command in '/home/joe/vt/autonav/ros2_ws/build/planner': CMAKE_PREFIX_PATH=/opt/ros/humble /usr/bin/cmake --build /home/joe/vt/autonav/ros2_ws/build/planner -- -j8 -l8
[0.037s] [35m[1mConsolidate compiler generated dependencies of target planner[0m
[0.049s] [ 50%] [32mBuilding CXX object CMakeFiles/planner.dir/src/main.cpp.o[0m
[1.689s] [01m[K/home/joe/vt/autonav/ros2_ws/src/planner/src/main.cpp:[m[K In constructor â€˜[01m[KDetector::Detector()[m[Kâ€™:
[1.689s] [01m[K/home/joe/vt/autonav/ros2_ws/src/planner/src/main.cpp:19:18:[m[K [01;31m[Kerror: [m[Kâ€˜[01m[KZedImageSubscriber[m[Kâ€™ has not been declared
[1.689s]    19 |       std::bind(&[01;31m[KZedImageSubscriber[m[K::image_callback, this, std::placeholders::_1));
[1.689s]       |                  [01;31m[K^~~~~~~~~~~~~~~~~~[m[K
[2.200s] gmake[2]: *** [CMakeFiles/planner.dir/build.make:76: CMakeFiles/planner.dir/src/main.cpp.o] Error 1
[2.200s] gmake[1]: *** [CMakeFiles/Makefile2:137: CMakeFiles/planner.dir/all] Error 2
[2.200s] gmake: *** [Makefile:146: all] Error 2
[2.202s] Invoked command in '/home/joe/vt/autonav/ros2_ws/build/planner' returned '2': CMAKE_PREFIX_PATH=/opt/ros/humble /usr/bin/cmake --build /home/joe/vt/autonav/ros2_ws/build/planner -- -j8 -l8
