[0.066s] Invoking command in '/workspaces/isaac_ros-dev/build/cpp_pubsub': AMENT_PREFIX_PATH=/workspaces/isaac_ros-dev/install/tutorial_interfaces:${AMENT_PREFIX_PATH} CMAKE_PREFIX_PATH=/workspaces/isaac_ros-dev/install/tutorial_interfaces:/opt/ros/humble LD_LIBRARY_PATH=/workspaces/isaac_ros-dev/install/tutorial_interfaces/lib:${LD_LIBRARY_PATH} PYTHONPATH=/workspaces/isaac_ros-dev/install/tutorial_interfaces/local/lib/python3.10/dist-packages:${PYTHONPATH} /usr/bin/cmake --build /workspaces/isaac_ros-dev/build/cpp_pubsub -- -j6 -l6
[0.972s] [35m[1mConsolidate compiler generated dependencies of target talker[0m
[0.972s] [35m[1mConsolidate compiler generated dependencies of target listener[0m
[1.133s] [ 50%] [32mBuilding CXX object CMakeFiles/listener.dir/src/subscriber_member_function.cpp.o[0m
[1.133s] [ 50%] [32mBuilding CXX object CMakeFiles/talker.dir/src/publisher_member_function.cpp.o[0m
[8.305s] [01m[K/workspaces/isaac_ros-dev/src/cpp_pubsub/src/subscriber_member_function.cpp:35:29:[m[K [01;31m[Kerror: [m[Kâ€˜[01m[Ktutorial_interfaces[m[Kâ€™ does not name a type
[8.305s]    35 |   void topic_callback(const [01;31m[Ktutorial_interfaces[m[K::msg::Num & msg) const
[8.305s]       |                             [01;31m[K^~~~~~~~~~~~~~~~~~~[m[K
[8.305s] [01m[K/workspaces/isaac_ros-dev/src/cpp_pubsub/src/subscriber_member_function.cpp:35:53:[m[K [01;31m[Kerror: [m[Kexpected unqualified-id before â€˜[01m[K::[m[Kâ€™ token
[8.305s]    35 |   void topic_callback(const tutorial_interfaces::msg[01;31m[K::[m[KNum & msg) const
[8.305s]       |                                                     [01;31m[K^~[m[K
[8.306s] [01m[K/workspaces/isaac_ros-dev/src/cpp_pubsub/src/subscriber_member_function.cpp:35:53:[m[K [01;31m[Kerror: [m[Kexpected â€˜[01m[K)[m[Kâ€™ before â€˜[01m[K::[m[Kâ€™ token
[8.306s]    35 |   void topic_callback[34m[K([m[Kconst tutorial_interfaces::msg[01;31m[K:[m[K[32m[K:[m[KNum & msg) const
[8.306s]       |                      [34m[K~[m[K                              [01;31m[K^[m[K[32m[K~[m[K
[8.306s]       |                                                     [32m[K)[m[K
[8.306s] [01m[K/workspaces/isaac_ros-dev/src/cpp_pubsub/src/subscriber_member_function.cpp:35:50:[m[K [01;31m[Kerror: [m[Kexpected â€˜[01m[K;[m[Kâ€™ at end of member declaration
[8.306s]    35 |   void topic_callback(const tutorial_interfaces::[01;31m[Kmsg[m[K::Num & msg) const
[8.306s]       |                                                  [01;31m[K^~~[m[K
[8.306s]       |                                                     [32m[K;[m[K
[8.310s] [01m[K/workspaces/isaac_ros-dev/src/cpp_pubsub/src/subscriber_member_function.cpp:35:55:[m[K [01;31m[Kerror: [m[Kâ€˜[01m[KNum[m[Kâ€™ in namespace â€˜[01m[K::[m[Kâ€™ does not name a type
[8.310s]    35 |   void topic_callback(const tutorial_interfaces::msg::[01;31m[KNum[m[K & msg) const
[8.310s]       |                                                       [01;31m[K^~~[m[K
[8.325s] [01m[K/workspaces/isaac_ros-dev/src/cpp_pubsub/src/publisher_member_function.cpp:55:21:[m[K [01;31m[Kerror: [m[Kâ€˜[01m[Ktutorial_interfaces[m[Kâ€™ was not declared in this scope; did you mean â€˜[01m[Krcl_interfaces[m[Kâ€™?
[8.325s]    55 |   rclcpp::Publisher<[01;31m[Ktutorial_interfaces[m[K::msg::Num>::SharedPtr publisher_;
[8.325s]       |                     [01;31m[K^~~~~~~~~~~~~~~~~~~[m[K
[8.325s]       |                     [32m[Krcl_interfaces[m[K
[8.325s] [01m[K/workspaces/isaac_ros-dev/src/cpp_pubsub/src/publisher_member_function.cpp:55:50:[m[K [01;31m[Kerror: [m[Ktemplate argument 1 is invalid
[8.325s]    55 |   rclcpp::Publisher<tutorial_interfaces::msg::Num[01;31m[K>[m[K::SharedPtr publisher_;
[8.325s]       |                                                  [01;31m[K^[m[K
[8.326s] [01m[K/workspaces/isaac_ros-dev/src/cpp_pubsub/src/publisher_member_function.cpp:55:53:[m[K [01;31m[Kerror: [m[Kexpected â€˜[01m[K;[m[Kâ€™ at end of member declaration
[8.326s]    55 |   rclcpp::Publisher<tutorial_interfaces::msg::Num>::[01;31m[KSharedPtr[m[K publisher_;
[8.326s]       |                                                     [01;31m[K^~~~~~~~~[m[K
[8.326s]       |                                                              [32m[K;[m[K
[8.328s] [01m[K/workspaces/isaac_ros-dev/src/cpp_pubsub/src/subscriber_member_function.cpp:39:24:[m[K [01;31m[Kerror: [m[Kâ€˜[01m[Ktutorial_interfaces[m[Kâ€™ was not declared in this scope; did you mean â€˜[01m[Krcl_interfaces[m[Kâ€™?
[8.328s]    39 |   rclcpp::Subscription<[01;31m[Ktutorial_interfaces[m[K::msg::Num>::SharedPtr subscription_;
[8.328s]       |                        [01;31m[K^~~~~~~~~~~~~~~~~~~[m[K
[8.329s]       |                        [32m[Krcl_interfaces[m[K
[8.329s] [01m[K/workspaces/isaac_ros-dev/src/cpp_pubsub/src/subscriber_member_function.cpp:39:53:[m[K [01;31m[Kerror: [m[Ktemplate argument 1 is invalid
[8.329s]    39 |   rclcpp::Subscription<tutorial_interfaces::msg::Num[01;31m[K>[m[K::SharedPtr subscription_;
[8.329s]       |                                                     [01;31m[K^[m[K
[8.329s] [01m[K/workspaces/isaac_ros-dev/src/cpp_pubsub/src/subscriber_member_function.cpp:39:53:[m[K [01;31m[Kerror: [m[Ktemplate argument 3 is invalid
[8.329s] [01m[K/workspaces/isaac_ros-dev/src/cpp_pubsub/src/subscriber_member_function.cpp:39:53:[m[K [01;31m[Kerror: [m[Ktemplate argument 4 is invalid
[8.329s] [01m[K/workspaces/isaac_ros-dev/src/cpp_pubsub/src/subscriber_member_function.cpp:39:53:[m[K [01;31m[Kerror: [m[Ktemplate argument 5 is invalid
[8.329s] [01m[K/workspaces/isaac_ros-dev/src/cpp_pubsub/src/subscriber_member_function.cpp:39:56:[m[K [01;31m[Kerror: [m[Kexpected â€˜[01m[K;[m[Kâ€™ at end of member declaration
[8.330s]    39 |   rclcpp::Subscription<tutorial_interfaces::msg::Num>::[01;31m[KSharedPtr[m[K subscription_;
[8.330s]       |                                                        [01;31m[K^~~~~~~~~[m[K
[8.330s]       |                                                                 [32m[K;[m[K
[8.330s] [01m[K/workspaces/isaac_ros-dev/src/cpp_pubsub/src/publisher_member_function.cpp:55:63:[m[K [01;31m[Kerror: [m[Kâ€˜[01m[Kpublisher_[m[Kâ€™ does not name a type; did you mean â€˜[01m[Krmw_publisher_t[m[Kâ€™?
[8.330s]    55 |   rclcpp::Publisher<tutorial_interfaces::msg::Num>::SharedPtr [01;31m[Kpublisher_[m[K;
[8.330s]       |                                                               [01;31m[K^~~~~~~~~~[m[K
[8.330s]       |                                                               [32m[Krmw_publisher_t[m[K
[8.332s] [01m[K/workspaces/isaac_ros-dev/src/cpp_pubsub/src/subscriber_member_function.cpp:39:66:[m[K [01;31m[Kerror: [m[Kâ€˜[01m[Ksubscription_[m[Kâ€™ does not name a type; did you mean â€˜[01m[Krmw_subscription_t[m[Kâ€™?
[8.333s]    39 |   rclcpp::Subscription<tutorial_interfaces::msg::Num>::SharedPtr [01;31m[Ksubscription_[m[K;
[8.333s]       |                                                                  [01;31m[K^~~~~~~~~~~~~[m[K
[8.333s]       |                                                                  [32m[Krmw_subscription_t[m[K
[8.345s] [01m[K/workspaces/isaac_ros-dev/src/cpp_pubsub/src/publisher_member_function.cpp:[m[K In constructor â€˜[01m[KMinimalPublisher::MinimalPublisher()[m[Kâ€™:
[8.345s] [01m[K/workspaces/isaac_ros-dev/src/cpp_pubsub/src/publisher_member_function.cpp:35:5:[m[K [01;31m[Kerror: [m[Kâ€˜[01m[Kpublisher_[m[Kâ€™ was not declared in this scope; did you mean â€˜[01m[Krmw_publisher_t[m[Kâ€™?
[8.345s]    35 |     [01;31m[Kpublisher_[m[K = this->create_publisher<tutorial_interfaces::msg::Num>("topic", 10);
[8.345s]       |     [01;31m[K^~~~~~~~~~[m[K
[8.346s]       |     [32m[Krmw_publisher_t[m[K
[8.350s] [01m[K/workspaces/isaac_ros-dev/src/cpp_pubsub/src/subscriber_member_function.cpp:[m[K In constructor â€˜[01m[KMinimalSubscriber::MinimalSubscriber()[m[Kâ€™:
[8.350s] [01m[K/workspaces/isaac_ros-dev/src/cpp_pubsub/src/subscriber_member_function.cpp:30:5:[m[K [01;31m[Kerror: [m[Kâ€˜[01m[Ksubscription_[m[Kâ€™ was not declared in this scope; did you mean â€˜[01m[Krmw_subscription_t[m[Kâ€™?
[8.350s]    30 |     [01;31m[Ksubscription_[m[K = this->create_subscription<tutorial_interfaces::msg::Num>(
[8.350s]       |     [01;31m[K^~~~~~~~~~~~~[m[K
[8.351s]       |     [32m[Krmw_subscription_t[m[K
[8.363s] [01m[K/workspaces/isaac_ros-dev/src/cpp_pubsub/src/publisher_member_function.cpp:35:41:[m[K [01;31m[Kerror: [m[Kâ€˜[01m[Ktutorial_interfaces[m[Kâ€™ was not declared in this scope; did you mean â€˜[01m[Krcl_interfaces[m[Kâ€™?
[8.363s]    35 |     publisher_ = this->create_publisher<[01;31m[Ktutorial_interfaces[m[K::msg::Num>("topic", 10);
[8.363s]       |                                         [01;31m[K^~~~~~~~~~~~~~~~~~~[m[K
[8.363s]       |                                         [32m[Krcl_interfaces[m[K
[8.363s] [01m[K/workspaces/isaac_ros-dev/src/cpp_pubsub/src/publisher_member_function.cpp:35:24:[m[K [01;31m[Kerror: [m[Kparse error in template argument list
[8.363s]    35 |     publisher_ = this->[01;31m[Kcreate_publisher<tutorial_interfaces::msg::Num>[m[K("topic", 10);
[8.364s]       |                        [01;31m[K^~~~~~~~~~~~~~~~~~~~~~~~~~~~~~~~~~~~~~~~~~~~~~~[m[K
[8.364s] [01m[K/workspaces/isaac_ros-dev/src/cpp_pubsub/src/publisher_member_function.cpp:35:71:[m[K [01;31m[Kerror: [m[Kno matching function for call to â€˜[01m[KMinimalPublisher::create_publisher<<expression error> >(const char [6], int)[m[Kâ€™
[8.364s]    35 |     publisher_ = [01;31m[Kthis->create_publisher<tutorial_interfaces::msg::Num>("topic", 10)[m[K;
[8.364s]       |                  [01;31m[K~~~~~~~~~~~~~~~~~~~~~~~~~~~~~~~~~~~~~~~~~~~~~~~~~~~~~^~~~~~~~~~~~~[m[K
[8.364s] In file included from [01m[K/opt/ros/humble/include/rclcpp/rclcpp/executors/single_threaded_executor.hpp:28[m[K,
[8.364s]                  from [01m[K/opt/ros/humble/include/rclcpp/rclcpp/executors.hpp:22[m[K,
[8.364s]                  from [01m[K/opt/ros/humble/include/rclcpp/rclcpp/rclcpp.hpp:155[m[K,
[8.364s]                  from [01m[K/workspaces/isaac_ros-dev/src/cpp_pubsub/src/publisher_member_function.cpp:20[m[K:
[8.364s] [01m[K/opt/ros/humble/include/rclcpp/rclcpp/node.hpp:195:3:[m[K [01;36m[Knote: [m[Kcandidate: â€˜[01m[Ktemplate<class MessageT, class AllocatorT, class PublisherT> std::shared_ptr<PublisherT> rclcpp::Node::create_publisher(const string&, const rclcpp::QoS&, const rclcpp::PublisherOptionsWithAllocator<AllocatorT>&)[m[Kâ€™
[8.365s]   195 |   [01;36m[Kcreate_publisher[m[K(
[8.365s]       |   [01;36m[K^~~~~~~~~~~~~~~~[m[K
[8.365s] [01m[K/opt/ros/humble/include/rclcpp/rclcpp/node.hpp:195:3:[m[K [01;36m[Knote: [m[K  template argument deduction/substitution failed:
[8.365s] [01m[K/workspaces/isaac_ros-dev/src/cpp_pubsub/src/publisher_member_function.cpp:35:71:[m[K [01;31m[Kerror: [m[Ktemplate argument 1 is invalid
[8.365s]    35 |     publisher_ = [01;31m[Kthis->create_publisher<tutorial_interfaces::msg::Num>("topic", 10)[m[K;
[8.365s]       |                  [01;31m[K~~~~~~~~~~~~~~~~~~~~~~~~~~~~~~~~~~~~~~~~~~~~~~~~~~~~~^~~~~~~~~~~~~[m[K
[8.368s] [01m[K/workspaces/isaac_ros-dev/src/cpp_pubsub/src/subscriber_member_function.cpp:30:47:[m[K [01;31m[Kerror: [m[Kâ€˜[01m[Ktutorial_interfaces[m[Kâ€™ was not declared in this scope; did you mean â€˜[01m[Krcl_interfaces[m[Kâ€™?
[8.368s]    30 |     subscription_ = this->create_subscription<[01;31m[Ktutorial_interfaces[m[K::msg::Num>(
[8.368s]       |                                               [01;31m[K^~~~~~~~~~~~~~~~~~~[m[K
[8.368s]       |                                               [32m[Krcl_interfaces[m[K
[8.368s] [01m[K/workspaces/isaac_ros-dev/src/cpp_pubsub/src/subscriber_member_function.cpp:30:27:[m[K [01;31m[Kerror: [m[Kparse error in template argument list
[8.368s]    30 |     subscription_ = this->[01;31m[Kcreate_subscription<tutorial_interfaces::msg::Num>[m[K(
[8.368s]       |                           [01;31m[K^~~~~~~~~~~~~~~~~~~~~~~~~~~~~~~~~~~~~~~~~~~~~~~~~~[m[K
[8.379s] [01m[K/workspaces/isaac_ros-dev/src/cpp_pubsub/src/subscriber_member_function.cpp:30:77:[m[K [01;31m[Kerror: [m[Kno matching function for call to â€˜[01m[KMinimalSubscriber::create_subscription<<expression error> >(const char [6], int, std::_Bind_helper<false, void (MinimalSubscriber::*)(...), MinimalSubscriber*, const std::_Placeholder<1>&>::type)[m[Kâ€™
[8.379s]    30 |     subscription_ = [01;31m[Kthis->create_subscription<tutorial_interfaces::msg::Num>([m[K
[8.379s]       |                     [01;31m[K~~~~~~~~~~~~~~~~~~~~~~~~~~~~~~~~~~~~~~~~~~~~~~~~~~~~~~~~^[m[K
[8.379s]    31 | [01;31m[K      "topic", 10, std::bind(&MinimalSubscriber::topic_callback, this, _1))[m[K;
[8.379s]       |       [01;31m[K~~~~~~~~~~~~~~~~~~~~~~~~~~~~~~~~~~~~~~~~~~~~~~~~~~~~~~~~~~~~~~~~~~~~~[m[K  
[8.379s] In file included from [01m[K/opt/ros/humble/include/rclcpp/rclcpp/executors/single_threaded_executor.hpp:28[m[K,
[8.379s]                  from [01m[K/opt/ros/humble/include/rclcpp/rclcpp/executors.hpp:22[m[K,
[8.379s]                  from [01m[K/opt/ros/humble/include/rclcpp/rclcpp/rclcpp.hpp:155[m[K,
[8.380s]                  from [01m[K/workspaces/isaac_ros-dev/src/cpp_pubsub/src/subscriber_member_function.cpp:17[m[K:
[8.380s] [01m[K/opt/ros/humble/include/rclcpp/rclcpp/node.hpp:219:3:[m[K [01;36m[Knote: [m[Kcandidate: â€˜[01m[Ktemplate<class MessageT, class CallbackT, class AllocatorT, class SubscriptionT, class MessageMemoryStrategyT> std::shared_ptr<ROSMessageT> rclcpp::Node::create_subscription(const string&, const rclcpp::QoS&, CallbackT&&, const rclcpp::SubscriptionOptionsWithAllocator<AllocatorT>&, typename MessageMemoryStrategyT::SharedPtr)[m[Kâ€™
[8.380s]   219 |   [01;36m[Kcreate_subscription[m[K(
[8.380s]       |   [01;36m[K^~~~~~~~~~~~~~~~~~~[m[K
[8.380s] [01m[K/opt/ros/humble/include/rclcpp/rclcpp/node.hpp:219:3:[m[K [01;36m[Knote: [m[K  template argument deduction/substitution failed:
[8.380s] [01m[K/workspaces/isaac_ros-dev/src/cpp_pubsub/src/subscriber_member_function.cpp:30:77:[m[K [01;31m[Kerror: [m[Ktemplate argument 1 is invalid
[8.380s]    30 |     subscription_ = [01;31m[Kthis->create_subscription<tutorial_interfaces::msg::Num>([m[K
[8.380s]       |                     [01;31m[K~~~~~~~~~~~~~~~~~~~~~~~~~~~~~~~~~~~~~~~~~~~~~~~~~~~~~~~~^[m[K
[8.381s]    31 | [01;31m[K      "topic", 10, std::bind(&MinimalSubscriber::topic_callback, this, _1))[m[K;
[8.381s]       |       [01;31m[K~~~~~~~~~~~~~~~~~~~~~~~~~~~~~~~~~~~~~~~~~~~~~~~~~~~~~~~~~~~~~~~~~~~~~[m[K  
[8.386s] [01m[K/workspaces/isaac_ros-dev/src/cpp_pubsub/src/publisher_member_function.cpp:[m[K In member function â€˜[01m[Kvoid MinimalPublisher::timer_callback()[m[Kâ€™:
[8.386s] [01m[K/workspaces/isaac_ros-dev/src/cpp_pubsub/src/publisher_member_function.cpp:45:20:[m[K [01;31m[Kerror: [m[Kâ€˜[01m[Ktutorial_interfaces[m[Kâ€™ has not been declared
[8.387s]    45 |     auto message = [01;31m[Ktutorial_interfaces[m[K::msg::Num();
[8.387s]       |                    [01;31m[K^~~~~~~~~~~~~~~~~~~[m[K
[8.403s] [01m[K/workspaces/isaac_ros-dev/src/cpp_pubsub/src/publisher_member_function.cpp:50:5:[m[K [01;31m[Kerror: [m[Kâ€˜[01m[Kpublisher_[m[Kâ€™ was not declared in this scope; did you mean â€˜[01m[Krmw_publisher_t[m[Kâ€™?
[8.403s]    50 |     [01;31m[Kpublisher_[m[K->publish(message);
[8.403s]       |     [01;31m[K^~~~~~~~~~[m[K
[8.404s]       |     [32m[Krmw_publisher_t[m[K
[9.409s] gmake[2]: *** [CMakeFiles/listener.dir/build.make:76: CMakeFiles/listener.dir/src/subscriber_member_function.cpp.o] Error 1
[9.409s] gmake[1]: *** [CMakeFiles/Makefile2:165: CMakeFiles/listener.dir/all] Error 2
[9.409s] gmake[1]: *** Waiting for unfinished jobs....
[9.516s] gmake[2]: *** [CMakeFiles/talker.dir/build.make:76: CMakeFiles/talker.dir/src/publisher_member_function.cpp.o] Error 1
[9.517s] gmake[1]: *** [CMakeFiles/Makefile2:139: CMakeFiles/talker.dir/all] Error 2
[9.517s] gmake: *** [Makefile:146: all] Error 2
[9.524s] Invoked command in '/workspaces/isaac_ros-dev/build/cpp_pubsub' returned '2': AMENT_PREFIX_PATH=/workspaces/isaac_ros-dev/install/tutorial_interfaces:${AMENT_PREFIX_PATH} CMAKE_PREFIX_PATH=/workspaces/isaac_ros-dev/install/tutorial_interfaces:/opt/ros/humble LD_LIBRARY_PATH=/workspaces/isaac_ros-dev/install/tutorial_interfaces/lib:${LD_LIBRARY_PATH} PYTHONPATH=/workspaces/isaac_ros-dev/install/tutorial_interfaces/local/lib/python3.10/dist-packages:${PYTHONPATH} /usr/bin/cmake --build /workspaces/isaac_ros-dev/build/cpp_pubsub -- -j6 -l6
