[0.006s] Invoking command in '/home/joe/vt/autonav/ros2_ws/build/autonav_interfaces': CMAKE_PREFIX_PATH=/opt/ros/humble /usr/bin/cmake /home/joe/vt/autonav/ros2_ws/src/autonav_interfaces -DCMAKE_INSTALL_PREFIX=/home/joe/vt/autonav/ros2_ws/install/autonav_interfaces
[0.013s] -- Found ament_cmake: 1.3.10 (/opt/ros/humble/share/ament_cmake/cmake)
[0.092s] -- Found rosidl_default_generators: 1.2.0 (/opt/ros/humble/share/rosidl_default_generators/cmake)
[0.093s] -- Using all available rosidl_typesupport_c: rosidl_typesupport_fastrtps_c;rosidl_typesupport_introspection_c
[0.095s] -- Found rosidl_adapter: 3.1.5 (/opt/ros/humble/share/rosidl_adapter/cmake)
[0.112s] -- Using all available rosidl_typesupport_cpp: rosidl_typesupport_fastrtps_cpp;rosidl_typesupport_introspection_cpp
[0.279s] -- Found ament_cmake_ros: 0.10.0 (/opt/ros/humble/share/ament_cmake_ros/cmake)
[0.395s] -- Using all available rosidl_typesupport_c: rosidl_typesupport_fastrtps_c;rosidl_typesupport_introspection_c
[0.552s] -- Using all available rosidl_typesupport_cpp: rosidl_typesupport_fastrtps_cpp;rosidl_typesupport_introspection_cpp
[0.566s] -- Found PythonInterp: /usr/bin/python3 (found suitable version "3.10.12", minimum required is "3.6") 
[0.566s] -- Found python_cmake_module: 0.10.0 (/opt/ros/humble/share/python_cmake_module/cmake)
[0.584s] -- Found PythonLibs: /usr/lib/x86_64-linux-gnu/libpython3.10.so (found suitable version "3.10.12", minimum required is "3.5") 
[0.584s] -- Using PYTHON_EXECUTABLE: /usr/bin/python3
[0.584s] -- Using PYTHON_INCLUDE_DIRS: /usr/include/python3.10
[0.584s] -- Using PYTHON_LIBRARIES: /usr/lib/x86_64-linux-gnu/libpython3.10.so
[0.600s] -- Found PythonExtra: .so  
[0.620s] -- Found ament_lint_auto: 0.12.11 (/opt/ros/humble/share/ament_lint_auto/cmake)
[0.630s] -- Added test 'lint_cmake' to check CMake code style
[0.630s] -- Added test 'xmllint' to check XML markup files
[0.632s] -- Configuring done
[0.646s] -- Generating done
[0.647s] -- Build files have been written to: /home/joe/vt/autonav/ros2_ws/build/autonav_interfaces
[0.651s] Invoked command in '/home/joe/vt/autonav/ros2_ws/build/autonav_interfaces' returned '0': CMAKE_PREFIX_PATH=/opt/ros/humble /usr/bin/cmake /home/joe/vt/autonav/ros2_ws/src/autonav_interfaces -DCMAKE_INSTALL_PREFIX=/home/joe/vt/autonav/ros2_ws/install/autonav_interfaces
[0.652s] Invoking command in '/home/joe/vt/autonav/ros2_ws/build/autonav_interfaces': CMAKE_PREFIX_PATH=/opt/ros/humble /usr/bin/cmake --build /home/joe/vt/autonav/ros2_ws/build/autonav_interfaces -- -j8 -l8
[0.676s] [  3%] [34m[1mGenerating C code for ROS interfaces[0m
[0.682s] [  6%] [34m[1mGenerating C++ code for ROS interfaces[0m
[0.688s] [  6%] Built target ament_cmake_python_copy_autonav_interfaces
[0.869s] [  6%] Built target autonav_interfaces__cpp
[0.869s] [  9%] [32mBuilding C object CMakeFiles/autonav_interfaces__rosidl_generator_c.dir/rosidl_generator_c/autonav_interfaces/msg/detail/object_list__functions.c.o[0m
[0.869s] running egg_info
[0.870s] creating autonav_interfaces.egg-info
[0.870s] writing autonav_interfaces.egg-info/PKG-INFO
[0.870s] writing dependency_links to autonav_interfaces.egg-info/dependency_links.txt
[0.870s] writing top-level names to autonav_interfaces.egg-info/top_level.txt
[0.870s] writing manifest file 'autonav_interfaces.egg-info/SOURCES.txt'
[0.873s] reading manifest file 'autonav_interfaces.egg-info/SOURCES.txt'
[0.873s] writing manifest file 'autonav_interfaces.egg-info/SOURCES.txt'
[0.876s] [ 16%] [34m[1mGenerating C++ type support for eProsima Fast-RTPS[0m
[0.876s] [ 16%] [34m[1mGenerating C++ introspection for ROS interfaces[0m
[0.877s] [ 19%] [34m[1mGenerating C++ type support dispatch for ROS interfaces[0m
[0.878s] In file included from [01m[K/home/joe/vt/autonav/ros2_ws/build/autonav_interfaces/rosidl_generator_c/autonav_interfaces/msg/detail/object_list__functions.h:19[m[K,
[0.878s]                  from [01m[K/home/joe/vt/autonav/ros2_ws/build/autonav_interfaces/rosidl_generator_c/autonav_interfaces/msg/detail/object_list__functions.c:4[m[K:
[0.878s] [01m[K/home/joe/vt/autonav/ros2_ws/build/autonav_interfaces/rosidl_generator_c/autonav_interfaces/msg/detail/object_list__struct.h:22:10:[m[K [01;31m[Kfatal error: [m[Kautonav_interfaces/msg/detail/object__struct.h: No such file or directory
[0.879s]    22 | #include [01;31m[K"autonav_interfaces/msg/detail/object__struct.h"[m[K
[0.879s]       |          [01;31m[K^~~~~~~~~~~~~~~~~~~~~~~~~~~~~~~~~~~~~~~~~~~~~~~~[m[K
[0.879s] compilation terminated.
[0.879s] gmake[2]: *** [CMakeFiles/autonav_interfaces__rosidl_generator_c.dir/build.make:105: CMakeFiles/autonav_interfaces__rosidl_generator_c.dir/rosidl_generator_c/autonav_interfaces/msg/detail/object_list__functions.c.o] Error 1
[0.879s] gmake[1]: *** [CMakeFiles/Makefile2:213: CMakeFiles/autonav_interfaces__rosidl_generator_c.dir/all] Error 2
[0.879s] gmake[1]: *** Waiting for unfinished jobs....
[0.895s] [ 19%] Built target ament_cmake_python_build_autonav_interfaces_egg
[1.045s] [ 22%] [32mBuilding CXX object CMakeFiles/autonav_interfaces__rosidl_typesupport_cpp.dir/rosidl_typesupport_cpp/autonav_interfaces/msg/object_list__type_support.cpp.o[0m
[1.057s] [ 25%] [32mBuilding CXX object CMakeFiles/autonav_interfaces__rosidl_typesupport_introspection_cpp.dir/rosidl_typesupport_introspection_cpp/autonav_interfaces/msg/detail/object_list__type_support.cpp.o[0m
[1.062s] [ 29%] [32mBuilding CXX object CMakeFiles/autonav_interfaces__rosidl_typesupport_fastrtps_cpp.dir/rosidl_typesupport_fastrtps_cpp/autonav_interfaces/msg/detail/dds_fastrtps/object_list__type_support.cpp.o[0m
[1.078s] In file included from [01m[K/home/joe/vt/autonav/ros2_ws/build/autonav_interfaces/rosidl_typesupport_cpp/autonav_interfaces/msg/object_list__type_support.cpp:7[m[K:
[1.078s] [01m[K/home/joe/vt/autonav/ros2_ws/build/autonav_interfaces/rosidl_generator_cpp/autonav_interfaces/msg/detail/object_list__struct.hpp:20:10:[m[K [01;31m[Kfatal error: [m[Kautonav_interfaces/msg/detail/object__struct.hpp: No such file or directory
[1.078s]    20 | #include [01;31m[K"autonav_interfaces/msg/detail/object__struct.hpp"[m[K
[1.078s]       |          [01;31m[K^~~~~~~~~~~~~~~~~~~~~~~~~~~~~~~~~~~~~~~~~~~~~~~~~~[m[K
[1.078s] compilation terminated.
[1.080s] gmake[2]: *** [CMakeFiles/autonav_interfaces__rosidl_typesupport_cpp.dir/build.make:86: CMakeFiles/autonav_interfaces__rosidl_typesupport_cpp.dir/rosidl_typesupport_cpp/autonav_interfaces/msg/object_list__type_support.cpp.o] Error 1
[1.080s] gmake[1]: *** [CMakeFiles/Makefile2:395: CMakeFiles/autonav_interfaces__rosidl_typesupport_cpp.dir/all] Error 2
[1.093s] In file included from [01m[K/home/joe/vt/autonav/ros2_ws/build/autonav_interfaces/rosidl_typesupport_introspection_cpp/autonav_interfaces/msg/detail/object_list__type_support.cpp:12[m[K:
[1.094s] [01m[K/home/joe/vt/autonav/ros2_ws/build/autonav_interfaces/rosidl_generator_cpp/autonav_interfaces/msg/detail/object_list__struct.hpp:20:10:[m[K [01;31m[Kfatal error: [m[Kautonav_interfaces/msg/detail/object__struct.hpp: No such file or directory
[1.094s]    20 | #include [01;31m[K"autonav_interfaces/msg/detail/object__struct.hpp"[m[K
[1.094s]       |          [01;31m[K^~~~~~~~~~~~~~~~~~~~~~~~~~~~~~~~~~~~~~~~~~~~~~~~~~[m[K
[1.094s] compilation terminated.
[1.094s] gmake[2]: *** [CMakeFiles/autonav_interfaces__rosidl_typesupport_introspection_cpp.dir/build.make:91: CMakeFiles/autonav_interfaces__rosidl_typesupport_introspection_cpp.dir/rosidl_typesupport_introspection_cpp/autonav_interfaces/msg/detail/object_list__type_support.cpp.o] Error 1
[1.094s] gmake[1]: *** [CMakeFiles/Makefile2:369: CMakeFiles/autonav_interfaces__rosidl_typesupport_introspection_cpp.dir/all] Error 2
[1.096s] In file included from [01m[K/home/joe/vt/autonav/ros2_ws/build/autonav_interfaces/rosidl_typesupport_fastrtps_cpp/autonav_interfaces/msg/detail/object_list__rosidl_typesupport_fastrtps_cpp.hpp:11[m[K,
[1.096s]                  from [01m[K/home/joe/vt/autonav/ros2_ws/build/autonav_interfaces/rosidl_typesupport_fastrtps_cpp/autonav_interfaces/msg/detail/dds_fastrtps/object_list__type_support.cpp:4[m[K:
[1.096s] [01m[K/home/joe/vt/autonav/ros2_ws/build/autonav_interfaces/rosidl_generator_cpp/autonav_interfaces/msg/detail/object_list__struct.hpp:20:10:[m[K [01;31m[Kfatal error: [m[Kautonav_interfaces/msg/detail/object__struct.hpp: No such file or directory
[1.096s]    20 | #include [01;31m[K"autonav_interfaces/msg/detail/object__struct.hpp"[m[K
[1.096s]       |          [01;31m[K^~~~~~~~~~~~~~~~~~~~~~~~~~~~~~~~~~~~~~~~~~~~~~~~~~[m[K
[1.096s] compilation terminated.
[1.097s] gmake[2]: *** [CMakeFiles/autonav_interfaces__rosidl_typesupport_fastrtps_cpp.dir/build.make:91: CMakeFiles/autonav_interfaces__rosidl_typesupport_fastrtps_cpp.dir/rosidl_typesupport_fastrtps_cpp/autonav_interfaces/msg/detail/dds_fastrtps/object_list__type_support.cpp.o] Error 1
[1.097s] gmake[1]: *** [CMakeFiles/Makefile2:343: CMakeFiles/autonav_interfaces__rosidl_typesupport_fastrtps_cpp.dir/all] Error 2
[1.097s] gmake: *** [Makefile:146: all] Error 2
[1.098s] Invoked command in '/home/joe/vt/autonav/ros2_ws/build/autonav_interfaces' returned '2': CMAKE_PREFIX_PATH=/opt/ros/humble /usr/bin/cmake --build /home/joe/vt/autonav/ros2_ws/build/autonav_interfaces -- -j8 -l8
