[01m[K/home/vtcro/ros2_ws/src/preprocessor/src/preprocess.cpp:[m[K In member function â€˜[01m[Kvoid ZedImageSubscriber::image_callback(sensor_msgs::msg::Image_<std::allocator<void> >::SharedPtr) const[m[Kâ€™:
[01m[K/home/vtcro/ros2_ws/src/preprocessor/src/preprocess.cpp:32:28:[m[K [01;31m[Kerror: [m[Kpassing â€˜[01m[Kconst ZedImageSubscriber[m[Kâ€™ as â€˜[01m[Kthis[m[Kâ€™ argument discards qualifiers [[01;31m[K]8;;https://gcc.gnu.org/onlinedocs/gcc/Warning-Options.html#index-fpermissive-fpermissive]8;;[m[K]
   32 |       [01;31m[KpublishProcessedImage(edges)[m[K;
      |       [01;31m[K~~~~~~~~~~~~~~~~~~~~~^~~~~~~[m[K
[01m[K/home/vtcro/ros2_ws/src/preprocessor/src/preprocess.cpp:44:10:[m[K [01;36m[Knote: [m[K  in call to â€˜[01m[Kvoid ZedImageSubscriber::publishProcessedImage(const cv::Mat&)[m[Kâ€™
   44 |     void [01;36m[KpublishProcessedImage[m[K(const cv::Mat& processed_image)
      |          [01;36m[K^~~~~~~~~~~~~~~~~~~~~[m[K
gmake[2]: *** [CMakeFiles/preprocess.dir/build.make:76: CMakeFiles/preprocess.dir/src/preprocess.cpp.o] Error 1
gmake[1]: *** [CMakeFiles/Makefile2:137: CMakeFiles/preprocess.dir/all] Error 2
gmake: *** [Makefile:146: all] Error 2
