-- Found ament_cmake: 1.3.10 (/opt/ros/humble/share/ament_cmake/cmake)
-- Override CMake install command with custom implementation using symlinks instead of copying resources
-- Found rclcpp: 16.0.10 (/opt/ros/humble/share/rclcpp/cmake)
-- Found rosidl_generator_c: 3.1.5 (/opt/ros/humble/share/rosidl_generator_c/cmake)
-- Found rosidl_adapter: 3.1.5 (/opt/ros/humble/share/rosidl_adapter/cmake)
-- Found rosidl_generator_cpp: 3.1.5 (/opt/ros/humble/share/rosidl_generator_cpp/cmake)
-- Using all available rosidl_typesupport_c: rosidl_typesupport_fastrtps_c;rosidl_typesupport_introspection_c
-- Using all available rosidl_typesupport_cpp: rosidl_typesupport_fastrtps_cpp;rosidl_typesupport_introspection_cpp
-- Found rmw_implementation_cmake: 6.1.2 (/opt/ros/humble/share/rmw_implementation_cmake/cmake)
-- Found rmw_fastrtps_cpp: 6.2.7 (/opt/ros/humble/share/rmw_fastrtps_cpp/cmake)
-- Using RMW implementation 'rmw_fastrtps_cpp' as default
-- Found sensor_msgs: 4.2.4 (/opt/ros/humble/share/sensor_msgs/cmake)
-- Found cv_bridge: 3.2.1 (/opt/ros/humble/share/cv_bridge/cmake)
-- Found ament_lint_auto: 0.12.11 (/opt/ros/humble/share/ament_lint_auto/cmake)
-- Added test 'cppcheck' to perform static code analysis on C / C++ code
-- Configured cppcheck include dirs: 
-- Configured cppcheck exclude dirs and/or files: 
-- Added test 'flake8' to check Python code syntax and style conventions
-- Added test 'lint_cmake' to check CMake code style
-- Added test 'pep257' to check Python code against some of the docstring style conventions in PEP 257
-- Added test 'uncrustify' to check C / C++ code style
-- Configured uncrustify additional arguments: 
-- Added test 'xmllint' to check XML markup files
-- Configuring done
-- Generating done
-- Build files have been written to: /home/vtcro/ros2_ws/build/preprocessor
[35m[1mConsolidate compiler generated dependencies of target preprocess[0m
[ 50%] [32mBuilding CXX object CMakeFiles/preprocess.dir/src/preprocess.cpp.o[0m
[01m[K/home/vtcro/ros2_ws/src/preprocessor/src/preprocess.cpp:[m[K In member function â€˜[01m[Kvoid ZedImageSubscriber::image_callback(sensor_msgs::msg::Image_<std::allocator<void> >::SharedPtr) const[m[Kâ€™:
[01m[K/home/vtcro/ros2_ws/src/preprocessor/src/preprocess.cpp:32:28:[m[K [01;31m[Kerror: [m[Kpassing â€˜[01m[Kconst ZedImageSubscriber[m[Kâ€™ as â€˜[01m[Kthis[m[Kâ€™ argument discards qualifiers [[01;31m[K]8;;https://gcc.gnu.org/onlinedocs/gcc/Warning-Options.html#index-fpermissive-fpermissive]8;;[m[K]
   32 |       [01;31m[KpublishProcessedImage(edges)[m[K;
      |       [01;31m[K~~~~~~~~~~~~~~~~~~~~~^~~~~~~[m[K
[01m[K/home/vtcro/ros2_ws/src/preprocessor/src/preprocess.cpp:44:10:[m[K [01;36m[Knote: [m[K  in call to â€˜[01m[Kvoid ZedImageSubscriber::publishProcessedImage(const cv::Mat&)[m[Kâ€™
   44 |     void [01;36m[KpublishProcessedImage[m[K(const cv::Mat& processed_image)
      |          [01;36m[K^~~~~~~~~~~~~~~~~~~~~[m[K
gmake[2]: *** [CMakeFiles/preprocess.dir/build.make:76: CMakeFiles/preprocess.dir/src/preprocess.cpp.o] Error 1
gmake[1]: *** [CMakeFiles/Makefile2:137: CMakeFiles/preprocess.dir/all] Error 2
gmake: *** [Makefile:146: all] Error 2
