[0.008s] Invoking command in '/home/vtcro/ros2_ws/build/preprocessor': CMAKE_PREFIX_PATH=${CMAKE_PREFIX_PATH}:/opt/ros/humble /usr/bin/cmake /home/vtcro/ros2_ws/src/preprocessor -DCMAKE_INSTALL_PREFIX=/home/vtcro/ros2_ws/install/preprocessor
[0.018s] -- Found ament_cmake: 1.3.10 (/opt/ros/humble/share/ament_cmake/cmake)
[0.093s] -- Override CMake install command with custom implementation using symlinks instead of copying resources
[0.097s] -- Found rclcpp: 16.0.10 (/opt/ros/humble/share/rclcpp/cmake)
[0.112s] -- Found rosidl_generator_c: 3.1.5 (/opt/ros/humble/share/rosidl_generator_c/cmake)
[0.113s] -- Found rosidl_adapter: 3.1.5 (/opt/ros/humble/share/rosidl_adapter/cmake)
[0.117s] -- Found rosidl_generator_cpp: 3.1.5 (/opt/ros/humble/share/rosidl_generator_cpp/cmake)
[0.122s] -- Using all available rosidl_typesupport_c: rosidl_typesupport_fastrtps_c;rosidl_typesupport_introspection_c
[0.129s] -- Using all available rosidl_typesupport_cpp: rosidl_typesupport_fastrtps_cpp;rosidl_typesupport_introspection_cpp
[0.146s] -- Found rmw_implementation_cmake: 6.1.2 (/opt/ros/humble/share/rmw_implementation_cmake/cmake)
[0.147s] -- Found rmw_fastrtps_cpp: 6.2.7 (/opt/ros/humble/share/rmw_fastrtps_cpp/cmake)
[0.213s] -- Using RMW implementation 'rmw_fastrtps_cpp' as default
[0.239s] -- Found sensor_msgs: 4.2.4 (/opt/ros/humble/share/sensor_msgs/cmake)
[0.254s] -- Found cv_bridge: 3.2.1 (/opt/ros/humble/share/cv_bridge/cmake)
[0.262s] -- Found ament_lint_auto: 0.12.11 (/opt/ros/humble/share/ament_lint_auto/cmake)
[0.315s] -- Added test 'cppcheck' to perform static code analysis on C / C++ code
[0.316s] -- Configured cppcheck include dirs: 
[0.316s] -- Configured cppcheck exclude dirs and/or files: 
[0.317s] -- Added test 'flake8' to check Python code syntax and style conventions
[0.319s] -- Added test 'lint_cmake' to check CMake code style
[0.321s] -- Added test 'pep257' to check Python code against some of the docstring style conventions in PEP 257
[0.330s] -- Added test 'uncrustify' to check C / C++ code style
[0.330s] -- Configured uncrustify additional arguments: 
[0.331s] -- Added test 'xmllint' to check XML markup files
[0.332s] -- Configuring done
[0.338s] -- Generating done
[0.339s] -- Build files have been written to: /home/vtcro/ros2_ws/build/preprocessor
[0.344s] Invoked command in '/home/vtcro/ros2_ws/build/preprocessor' returned '0': CMAKE_PREFIX_PATH=${CMAKE_PREFIX_PATH}:/opt/ros/humble /usr/bin/cmake /home/vtcro/ros2_ws/src/preprocessor -DCMAKE_INSTALL_PREFIX=/home/vtcro/ros2_ws/install/preprocessor
[0.344s] Invoking command in '/home/vtcro/ros2_ws/build/preprocessor': CMAKE_PREFIX_PATH=${CMAKE_PREFIX_PATH}:/opt/ros/humble /usr/bin/cmake --build /home/vtcro/ros2_ws/build/preprocessor -- -j16 -l16
[0.372s] [35m[1mConsolidate compiler generated dependencies of target preprocess[0m
[0.389s] [ 50%] [32mBuilding CXX object CMakeFiles/preprocess.dir/src/preprocess.cpp.o[0m
[1.967s] [01m[K/home/vtcro/ros2_ws/src/preprocessor/src/preprocess.cpp:[m[K In member function â€˜[01m[Kvoid ZedImageSubscriber::image_callback(sensor_msgs::msg::Image_<std::allocator<void> >::SharedPtr) const[m[Kâ€™:
[1.968s] [01m[K/home/vtcro/ros2_ws/src/preprocessor/src/preprocess.cpp:32:28:[m[K [01;31m[Kerror: [m[Kpassing â€˜[01m[Kconst ZedImageSubscriber[m[Kâ€™ as â€˜[01m[Kthis[m[Kâ€™ argument discards qualifiers [[01;31m[K]8;;https://gcc.gnu.org/onlinedocs/gcc/Warning-Options.html#index-fpermissive-fpermissive]8;;[m[K]
[1.968s]    32 |       [01;31m[KpublishProcessedImage(edges)[m[K;
[1.968s]       |       [01;31m[K~~~~~~~~~~~~~~~~~~~~~^~~~~~~[m[K
[1.968s] [01m[K/home/vtcro/ros2_ws/src/preprocessor/src/preprocess.cpp:44:10:[m[K [01;36m[Knote: [m[K  in call to â€˜[01m[Kvoid ZedImageSubscriber::publishProcessedImage(const cv::Mat&)[m[Kâ€™
[1.968s]    44 |     void [01;36m[KpublishProcessedImage[m[K(const cv::Mat& processed_image)
[1.968s]       |          [01;36m[K^~~~~~~~~~~~~~~~~~~~~[m[K
[3.449s] gmake[2]: *** [CMakeFiles/preprocess.dir/build.make:76: CMakeFiles/preprocess.dir/src/preprocess.cpp.o] Error 1
[3.449s] gmake[1]: *** [CMakeFiles/Makefile2:137: CMakeFiles/preprocess.dir/all] Error 2
[3.449s] gmake: *** [Makefile:146: all] Error 2
[3.451s] Invoked command in '/home/vtcro/ros2_ws/build/preprocessor' returned '2': CMAKE_PREFIX_PATH=${CMAKE_PREFIX_PATH}:/opt/ros/humble /usr/bin/cmake --build /home/vtcro/ros2_ws/build/preprocessor -- -j16 -l16
