[0.049s] Invoking command in '/workspaces/isaac_ros-dev/build/isaac_ros_apriltag_interfaces': CMAKE_PREFIX_PATH=/opt/ros/humble /usr/bin/cmake /workspaces/isaac_ros-dev/src/isaac_ros_common/isaac_ros_apriltag_interfaces -DAMENT_CMAKE_SYMLINK_INSTALL=1 -DCMAKE_INSTALL_PREFIX=/workspaces/isaac_ros-dev/install/isaac_ros_apriltag_interfaces
[0.078s] -- Found ament_cmake_auto: 1.3.9 (/opt/ros/humble/share/ament_cmake_auto/cmake)
[0.401s] -- Override CMake install command with custom implementation using symlinks instead of copying resources
[0.569s] -- Using all available rosidl_typesupport_c: rosidl_typesupport_fastrtps_c;rosidl_typesupport_introspection_c
[0.575s] -- Found rosidl_adapter: 3.1.5 (/opt/ros/humble/share/rosidl_adapter/cmake)
[0.648s] -- Using all available rosidl_typesupport_cpp: rosidl_typesupport_fastrtps_cpp;rosidl_typesupport_introspection_cpp
[1.494s] -- Found ament_cmake_ros: 0.10.0 (/opt/ros/humble/share/ament_cmake_ros/cmake)
[2.125s] -- Using all available rosidl_typesupport_c: rosidl_typesupport_fastrtps_c;rosidl_typesupport_introspection_c
[2.927s] -- Using all available rosidl_typesupport_cpp: rosidl_typesupport_fastrtps_cpp;rosidl_typesupport_introspection_cpp
[3.010s] -- Found python_cmake_module: 0.10.0 (/opt/ros/humble/share/python_cmake_module/cmake)
[3.071s] -- Using PYTHON_EXECUTABLE: /usr/bin/python3
[3.072s] -- Using PYTHON_INCLUDE_DIRS: /usr/include/python3.10
[3.072s] -- Using PYTHON_LIBRARIES: /usr/lib/aarch64-linux-gnu/libpython3.10.so
[3.152s] -- Found ament_lint_auto: 0.12.11 (/opt/ros/humble/share/ament_lint_auto/cmake)
[3.179s] -- Added test 'copyright' to check source files copyright and LICENSE
[3.182s] -- Added test 'lint_cmake' to check CMake code style
[3.184s] -- Added test 'xmllint' to check XML markup files
[3.194s] -- Configuring done
[3.291s] -- Generating done
[3.301s] -- Build files have been written to: /workspaces/isaac_ros-dev/build/isaac_ros_apriltag_interfaces
[3.326s] Invoked command in '/workspaces/isaac_ros-dev/build/isaac_ros_apriltag_interfaces' returned '0': CMAKE_PREFIX_PATH=/opt/ros/humble /usr/bin/cmake /workspaces/isaac_ros-dev/src/isaac_ros_common/isaac_ros_apriltag_interfaces -DAMENT_CMAKE_SYMLINK_INSTALL=1 -DCMAKE_INSTALL_PREFIX=/workspaces/isaac_ros-dev/install/isaac_ros_apriltag_interfaces
[3.327s] Invoking command in '/workspaces/isaac_ros-dev/build/isaac_ros_apriltag_interfaces': CMAKE_PREFIX_PATH=/opt/ros/humble /usr/bin/cmake --build /workspaces/isaac_ros-dev/build/isaac_ros_apriltag_interfaces -- -j6 -l6
[3.478s] [35m[1mConsolidate compiler generated dependencies of target isaac_ros_apriltag_interfaces__rosidl_generator_c[0m
[3.502s] [  2%] Built target isaac_ros_apriltag_interfaces__cpp
[3.510s] failed to create symbolic link '/workspaces/isaac_ros-dev/build/isaac_ros_apriltag_interfaces/ament_cmake_python/isaac_ros_apriltag_interfaces/isaac_ros_apriltag_interfaces' because existing path cannot be removed: Is a directory
[3.512s] gmake[2]: *** [CMakeFiles/ament_cmake_python_symlink_isaac_ros_apriltag_interfaces.dir/build.make:70: CMakeFiles/ament_cmake_python_symlink_isaac_ros_apriltag_interfaces] Error 1
[3.513s] [ 12%] Built target isaac_ros_apriltag_interfaces__rosidl_generator_c
[3.518s] gmake[1]: *** [CMakeFiles/Makefile2:421: CMakeFiles/ament_cmake_python_symlink_isaac_ros_apriltag_interfaces.dir/all] Error 2
[3.518s] gmake[1]: *** Waiting for unfinished jobs....
[3.539s] [35m[1mConsolidate compiler generated dependencies of target isaac_ros_apriltag_interfaces__rosidl_typesupport_fastrtps_cpp[0m
[3.545s] [35m[1mConsolidate compiler generated dependencies of target isaac_ros_apriltag_interfaces__rosidl_typesupport_cpp[0m
[3.567s] [35m[1mConsolidate compiler generated dependencies of target isaac_ros_apriltag_interfaces__rosidl_typesupport_introspection_cpp[0m
[3.585s] [ 23%] Built target isaac_ros_apriltag_interfaces__rosidl_typesupport_fastrtps_cpp
[3.593s] [ 33%] Built target isaac_ros_apriltag_interfaces__rosidl_typesupport_cpp
[3.603s] [ 43%] Built target isaac_ros_apriltag_interfaces__rosidl_typesupport_introspection_cpp
[3.607s] gmake: *** [Makefile:146: all] Error 2
