[0.030s] Invoking command in '/workspaces/isaac_ros-dev/build/cpp_pubsub': AMENT_PREFIX_PATH=/workspaces/isaac_ros-dev/install/tutorial_interfaces:${AMENT_PREFIX_PATH} CMAKE_PREFIX_PATH=/workspaces/isaac_ros-dev/install/tutorial_interfaces:/opt/ros/humble LD_LIBRARY_PATH=/workspaces/isaac_ros-dev/install/tutorial_interfaces/lib:${LD_LIBRARY_PATH} PYTHONPATH=/workspaces/isaac_ros-dev/install/tutorial_interfaces/local/lib/python3.10/dist-packages:${PYTHONPATH} /usr/bin/cmake --build /workspaces/isaac_ros-dev/build/cpp_pubsub -- -j6 -l6
[0.115s] -- Found ament_cmake: 1.3.9 (/opt/ros/humble/share/ament_cmake/cmake)
[0.441s] -- Found rclcpp: 16.0.9 (/opt/ros/humble/share/rclcpp/cmake)
[0.527s] -- Found rosidl_generator_c: 3.1.5 (/opt/ros/humble/share/rosidl_generator_c/cmake)
[0.532s] -- Found rosidl_adapter: 3.1.5 (/opt/ros/humble/share/rosidl_adapter/cmake)
[0.544s] -- Found rosidl_generator_cpp: 3.1.5 (/opt/ros/humble/share/rosidl_generator_cpp/cmake)
[0.566s] -- Using all available rosidl_typesupport_c: rosidl_typesupport_fastrtps_c;rosidl_typesupport_introspection_c
[0.595s] -- Using all available rosidl_typesupport_cpp: rosidl_typesupport_fastrtps_cpp;rosidl_typesupport_introspection_cpp
[0.740s] -- Found rmw_implementation_cmake: 6.1.2 (/opt/ros/humble/share/rmw_implementation_cmake/cmake)
[0.746s] -- Found rmw_fastrtps_cpp: 6.2.6 (/opt/ros/humble/share/rmw_fastrtps_cpp/cmake)
[1.087s] -- Using RMW implementation 'rmw_fastrtps_cpp' as default
[1.426s] -- Found tutorial_interfaces: 0.0.0 (/workspaces/isaac_ros-dev/install/tutorial_interfaces/share/tutorial_interfaces/cmake)
[1.637s] -- Found ament_lint_auto: 0.12.11 (/opt/ros/humble/share/ament_lint_auto/cmake)
[1.802s] -- Added test 'cppcheck' to perform static code analysis on C / C++ code
[1.803s] -- Configured cppcheck include dirs: 
[1.803s] -- Configured cppcheck exclude dirs and/or files: 
[1.804s] -- Added test 'lint_cmake' to check CMake code style
[1.807s] -- Added test 'uncrustify' to check C / C++ code style
[1.808s] -- Configured uncrustify additional arguments: 
[1.809s] -- Added test 'xmllint' to check XML markup files
[1.814s] -- Configuring done
[1.885s] -- Generating done
[1.889s] -- Build files have been written to: /workspaces/isaac_ros-dev/build/cpp_pubsub
[1.975s] [35m[1mConsolidate compiler generated dependencies of target talker[0m
[1.978s] [35m[1mConsolidate compiler generated dependencies of target listener[0m
[2.028s] [ 50%] [32mBuilding CXX object CMakeFiles/talker.dir/src/publisher_member_function.cpp.o[0m
[2.028s] [ 50%] [32mBuilding CXX object CMakeFiles/listener.dir/src/subscriber_member_function.cpp.o[0m
[7.611s] [01m[K/workspaces/isaac_ros-dev/src/cpp_pubsub/src/publisher_member_function.cpp:55:21:[m[K [01;31m[Kerror: [m[Kâ€˜[01m[Ktutorial_interfaces[m[Kâ€™ was not declared in this scope; did you mean â€˜[01m[Krcl_interfaces[m[Kâ€™?
[7.611s]    55 |   rclcpp::Publisher<[01;31m[Ktutorial_interfaces[m[K::msg::Num>::SharedPtr publisher_;
[7.611s]       |                     [01;31m[K^~~~~~~~~~~~~~~~~~~[m[K
[7.611s]       |                     [32m[Krcl_interfaces[m[K
[7.611s] [01m[K/workspaces/isaac_ros-dev/src/cpp_pubsub/src/publisher_member_function.cpp:55:50:[m[K [01;31m[Kerror: [m[Ktemplate argument 1 is invalid
[7.611s]    55 |   rclcpp::Publisher<tutorial_interfaces::msg::Num[01;31m[K>[m[K::SharedPtr publisher_;
[7.612s]       |                                                  [01;31m[K^[m[K
[7.612s] [01m[K/workspaces/isaac_ros-dev/src/cpp_pubsub/src/publisher_member_function.cpp:55:53:[m[K [01;31m[Kerror: [m[Kexpected â€˜[01m[K;[m[Kâ€™ at end of member declaration
[7.612s]    55 |   rclcpp::Publisher<tutorial_interfaces::msg::Num>::[01;31m[KSharedPtr[m[K publisher_;
[7.612s]       |                                                     [01;31m[K^~~~~~~~~[m[K
[7.612s]       |                                                              [32m[K;[m[K
[7.614s] [01m[K/workspaces/isaac_ros-dev/src/cpp_pubsub/src/publisher_member_function.cpp:55:63:[m[K [01;31m[Kerror: [m[Kâ€˜[01m[Kpublisher_[m[Kâ€™ does not name a type; did you mean â€˜[01m[Krmw_publisher_t[m[Kâ€™?
[7.614s]    55 |   rclcpp::Publisher<tutorial_interfaces::msg::Num>::SharedPtr [01;31m[Kpublisher_[m[K;
[7.614s]       |                                                               [01;31m[K^~~~~~~~~~[m[K
[7.614s]       |                                                               [32m[Krmw_publisher_t[m[K
[7.630s] [01m[K/workspaces/isaac_ros-dev/src/cpp_pubsub/src/subscriber_member_function.cpp:35:29:[m[K [01;31m[Kerror: [m[Kâ€˜[01m[Ktutorial_interfaces[m[Kâ€™ does not name a type
[7.630s]    35 |   void topic_callback(const [01;31m[Ktutorial_interfaces[m[K::msg::Num::SharedPtr msg) const
[7.630s]       |                             [01;31m[K^~~~~~~~~~~~~~~~~~~[m[K
[7.630s] [01m[K/workspaces/isaac_ros-dev/src/cpp_pubsub/src/subscriber_member_function.cpp:35:53:[m[K [01;31m[Kerror: [m[Kexpected unqualified-id before â€˜[01m[K::[m[Kâ€™ token
[7.630s]    35 |   void topic_callback(const tutorial_interfaces::msg[01;31m[K::[m[KNum::SharedPtr msg) const
[7.631s]       |                                                     [01;31m[K^~[m[K
[7.631s] [01m[K/workspaces/isaac_ros-dev/src/cpp_pubsub/src/subscriber_member_function.cpp:35:53:[m[K [01;31m[Kerror: [m[Kexpected â€˜[01m[K)[m[Kâ€™ before â€˜[01m[K::[m[Kâ€™ token
[7.631s]    35 |   void topic_callback[34m[K([m[Kconst tutorial_interfaces::msg[01;31m[K:[m[K[32m[K:[m[KNum::SharedPtr msg) const
[7.631s]       |                      [34m[K~[m[K                              [01;31m[K^[m[K[32m[K~[m[K
[7.631s]       |                                                     [32m[K)[m[K
[7.631s] [01m[K/workspaces/isaac_ros-dev/src/cpp_pubsub/src/subscriber_member_function.cpp:35:50:[m[K [01;31m[Kerror: [m[Kexpected â€˜[01m[K;[m[Kâ€™ at end of member declaration
[7.631s]    35 |   void topic_callback(const tutorial_interfaces::[01;31m[Kmsg[m[K::Num::SharedPtr msg) const
[7.632s]       |                                                  [01;31m[K^~~[m[K
[7.632s]       |                                                     [32m[K;[m[K
[7.632s] [01m[K/workspaces/isaac_ros-dev/src/cpp_pubsub/src/publisher_member_function.cpp:[m[K In constructor â€˜[01m[KMinimalPublisher::MinimalPublisher()[m[Kâ€™:
[7.632s] [01m[K/workspaces/isaac_ros-dev/src/cpp_pubsub/src/publisher_member_function.cpp:35:5:[m[K [01;31m[Kerror: [m[Kâ€˜[01m[Kpublisher_[m[Kâ€™ was not declared in this scope; did you mean â€˜[01m[Krmw_publisher_t[m[Kâ€™?
[7.632s]    35 |     [01;31m[Kpublisher_[m[K = this->create_publisher<tutorial_interfaces::msg::Num>("topic", 10);
[7.632s]       |     [01;31m[K^~~~~~~~~~[m[K
[7.632s]       |     [32m[Krmw_publisher_t[m[K
[7.635s] [01m[K/workspaces/isaac_ros-dev/src/cpp_pubsub/src/subscriber_member_function.cpp:35:55:[m[K [01;31m[Kerror: [m[Kâ€˜[01m[KNum[m[Kâ€™ in namespace â€˜[01m[K::[m[Kâ€™ does not name a type
[7.635s]    35 |   void topic_callback(const tutorial_interfaces::msg::[01;31m[KNum[m[K::SharedPtr msg) const
[7.635s]       |                                                       [01;31m[K^~~[m[K
[7.649s] [01m[K/workspaces/isaac_ros-dev/src/cpp_pubsub/src/publisher_member_function.cpp:35:41:[m[K [01;31m[Kerror: [m[Kâ€˜[01m[Ktutorial_interfaces[m[Kâ€™ was not declared in this scope; did you mean â€˜[01m[Krcl_interfaces[m[Kâ€™?
[7.649s]    35 |     publisher_ = this->create_publisher<[01;31m[Ktutorial_interfaces[m[K::msg::Num>("topic", 10);
[7.649s]       |                                         [01;31m[K^~~~~~~~~~~~~~~~~~~[m[K
[7.649s]       |                                         [32m[Krcl_interfaces[m[K
[7.650s] [01m[K/workspaces/isaac_ros-dev/src/cpp_pubsub/src/publisher_member_function.cpp:35:24:[m[K [01;31m[Kerror: [m[Kparse error in template argument list
[7.650s]    35 |     publisher_ = this->[01;31m[Kcreate_publisher<tutorial_interfaces::msg::Num>[m[K("topic", 10);
[7.650s]       |                        [01;31m[K^~~~~~~~~~~~~~~~~~~~~~~~~~~~~~~~~~~~~~~~~~~~~~~[m[K
[7.650s] [01m[K/workspaces/isaac_ros-dev/src/cpp_pubsub/src/publisher_member_function.cpp:35:71:[m[K [01;31m[Kerror: [m[Kno matching function for call to â€˜[01m[KMinimalPublisher::create_publisher<<expression error> >(const char [6], int)[m[Kâ€™
[7.650s]    35 |     publisher_ = [01;31m[Kthis->create_publisher<tutorial_interfaces::msg::Num>("topic", 10)[m[K;
[7.650s]       |                  [01;31m[K~~~~~~~~~~~~~~~~~~~~~~~~~~~~~~~~~~~~~~~~~~~~~~~~~~~~~^~~~~~~~~~~~~[m[K
[7.650s] In file included from [01m[K/opt/ros/humble/include/rclcpp/rclcpp/executors/single_threaded_executor.hpp:28[m[K,
[7.650s]                  from [01m[K/opt/ros/humble/include/rclcpp/rclcpp/executors.hpp:22[m[K,
[7.651s]                  from [01m[K/opt/ros/humble/include/rclcpp/rclcpp/rclcpp.hpp:155[m[K,
[7.651s]                  from [01m[K/workspaces/isaac_ros-dev/src/cpp_pubsub/src/publisher_member_function.cpp:20[m[K:
[7.651s] [01m[K/opt/ros/humble/include/rclcpp/rclcpp/node.hpp:195:3:[m[K [01;36m[Knote: [m[Kcandidate: â€˜[01m[Ktemplate<class MessageT, class AllocatorT, class PublisherT> std::shared_ptr<PublisherT> rclcpp::Node::create_publisher(const string&, const rclcpp::QoS&, const rclcpp::PublisherOptionsWithAllocator<AllocatorT>&)[m[Kâ€™
[7.651s]   195 |   [01;36m[Kcreate_publisher[m[K(
[7.651s]       |   [01;36m[K^~~~~~~~~~~~~~~~[m[K
[7.651s] [01m[K/opt/ros/humble/include/rclcpp/rclcpp/node.hpp:195:3:[m[K [01;36m[Knote: [m[K  template argument deduction/substitution failed:
[7.651s] [01m[K/workspaces/isaac_ros-dev/src/cpp_pubsub/src/publisher_member_function.cpp:35:71:[m[K [01;31m[Kerror: [m[Ktemplate argument 1 is invalid
[7.651s]    35 |     publisher_ = [01;31m[Kthis->create_publisher<tutorial_interfaces::msg::Num>("topic", 10)[m[K;
[7.652s]       |                  [01;31m[K~~~~~~~~~~~~~~~~~~~~~~~~~~~~~~~~~~~~~~~~~~~~~~~~~~~~~^~~~~~~~~~~~~[m[K
[7.653s] [01m[K/workspaces/isaac_ros-dev/src/cpp_pubsub/src/subscriber_member_function.cpp:39:24:[m[K [01;31m[Kerror: [m[Kâ€˜[01m[Ktutorial_interfaces[m[Kâ€™ was not declared in this scope; did you mean â€˜[01m[Krcl_interfaces[m[Kâ€™?
[7.653s]    39 |   rclcpp::Subscription<[01;31m[Ktutorial_interfaces[m[K::msg::Num>::SharedPtr subscription_;
[7.653s]       |                        [01;31m[K^~~~~~~~~~~~~~~~~~~[m[K
[7.653s]       |                        [32m[Krcl_interfaces[m[K
[7.654s] [01m[K/workspaces/isaac_ros-dev/src/cpp_pubsub/src/subscriber_member_function.cpp:39:53:[m[K [01;31m[Kerror: [m[Ktemplate argument 1 is invalid
[7.654s]    39 |   rclcpp::Subscription<tutorial_interfaces::msg::Num[01;31m[K>[m[K::SharedPtr subscription_;
[7.654s]       |                                                     [01;31m[K^[m[K
[7.654s] [01m[K/workspaces/isaac_ros-dev/src/cpp_pubsub/src/subscriber_member_function.cpp:39:53:[m[K [01;31m[Kerror: [m[Ktemplate argument 3 is invalid
[7.654s] [01m[K/workspaces/isaac_ros-dev/src/cpp_pubsub/src/subscriber_member_function.cpp:39:53:[m[K [01;31m[Kerror: [m[Ktemplate argument 4 is invalid
[7.654s] [01m[K/workspaces/isaac_ros-dev/src/cpp_pubsub/src/subscriber_member_function.cpp:39:53:[m[K [01;31m[Kerror: [m[Ktemplate argument 5 is invalid
[7.654s] [01m[K/workspaces/isaac_ros-dev/src/cpp_pubsub/src/subscriber_member_function.cpp:39:56:[m[K [01;31m[Kerror: [m[Kexpected â€˜[01m[K;[m[Kâ€™ at end of member declaration
[7.654s]    39 |   rclcpp::Subscription<tutorial_interfaces::msg::Num>::[01;31m[KSharedPtr[m[K subscription_;
[7.654s]       |                                                        [01;31m[K^~~~~~~~~[m[K
[7.655s]       |                                                                 [32m[K;[m[K
[7.657s] [01m[K/workspaces/isaac_ros-dev/src/cpp_pubsub/src/subscriber_member_function.cpp:39:66:[m[K [01;31m[Kerror: [m[Kâ€˜[01m[Ksubscription_[m[Kâ€™ does not name a type; did you mean â€˜[01m[Krmw_subscription_t[m[Kâ€™?
[7.657s]    39 |   rclcpp::Subscription<tutorial_interfaces::msg::Num>::SharedPtr [01;31m[Ksubscription_[m[K;
[7.657s]       |                                                                  [01;31m[K^~~~~~~~~~~~~[m[K
[7.657s]       |                                                                  [32m[Krmw_subscription_t[m[K
[7.673s] [01m[K/workspaces/isaac_ros-dev/src/cpp_pubsub/src/publisher_member_function.cpp:[m[K In member function â€˜[01m[Kvoid MinimalPublisher::timer_callback()[m[Kâ€™:
[7.673s] [01m[K/workspaces/isaac_ros-dev/src/cpp_pubsub/src/publisher_member_function.cpp:45:20:[m[K [01;31m[Kerror: [m[Kâ€˜[01m[Ktutorial_interfaces[m[Kâ€™ has not been declared
[7.674s]    45 |     auto message = [01;31m[Ktutorial_interfaces[m[K::msg::Num();
[7.674s]       |                    [01;31m[K^~~~~~~~~~~~~~~~~~~[m[K
[7.674s] [01m[K/workspaces/isaac_ros-dev/src/cpp_pubsub/src/subscriber_member_function.cpp:[m[K In constructor â€˜[01m[KMinimalSubscriber::MinimalSubscriber()[m[Kâ€™:
[7.674s] [01m[K/workspaces/isaac_ros-dev/src/cpp_pubsub/src/subscriber_member_function.cpp:30:5:[m[K [01;31m[Kerror: [m[Kâ€˜[01m[Ksubscription_[m[Kâ€™ was not declared in this scope; did you mean â€˜[01m[Krmw_subscription_t[m[Kâ€™?
[7.674s]    30 |     [01;31m[Ksubscription_[m[K = this->create_subscription<tutorial_interfaces::msg::Num>(
[7.674s]       |     [01;31m[K^~~~~~~~~~~~~[m[K
[7.674s]       |     [32m[Krmw_subscription_t[m[K
[7.689s] [01m[K/workspaces/isaac_ros-dev/src/cpp_pubsub/src/publisher_member_function.cpp:50:5:[m[K [01;31m[Kerror: [m[Kâ€˜[01m[Kpublisher_[m[Kâ€™ was not declared in this scope; did you mean â€˜[01m[Krmw_publisher_t[m[Kâ€™?
[7.689s]    50 |     [01;31m[Kpublisher_[m[K->publish(message);
[7.689s]       |     [01;31m[K^~~~~~~~~~[m[K
[7.689s]       |     [32m[Krmw_publisher_t[m[K
[7.691s] [01m[K/workspaces/isaac_ros-dev/src/cpp_pubsub/src/subscriber_member_function.cpp:30:47:[m[K [01;31m[Kerror: [m[Kâ€˜[01m[Ktutorial_interfaces[m[Kâ€™ was not declared in this scope; did you mean â€˜[01m[Krcl_interfaces[m[Kâ€™?
[7.691s]    30 |     subscription_ = this->create_subscription<[01;31m[Ktutorial_interfaces[m[K::msg::Num>(
[7.691s]       |                                               [01;31m[K^~~~~~~~~~~~~~~~~~~[m[K
[7.691s]       |                                               [32m[Krcl_interfaces[m[K
[7.691s] [01m[K/workspaces/isaac_ros-dev/src/cpp_pubsub/src/subscriber_member_function.cpp:30:27:[m[K [01;31m[Kerror: [m[Kparse error in template argument list
[7.691s]    30 |     subscription_ = this->[01;31m[Kcreate_subscription<tutorial_interfaces::msg::Num>[m[K(
[7.691s]       |                           [01;31m[K^~~~~~~~~~~~~~~~~~~~~~~~~~~~~~~~~~~~~~~~~~~~~~~~~~[m[K
[7.702s] [01m[K/workspaces/isaac_ros-dev/src/cpp_pubsub/src/subscriber_member_function.cpp:30:77:[m[K [01;31m[Kerror: [m[Kno matching function for call to â€˜[01m[KMinimalSubscriber::create_subscription<<expression error> >(const char [6], int, std::_Bind_helper<false, void (MinimalSubscriber::*)(...), MinimalSubscriber*, const std::_Placeholder<1>&>::type)[m[Kâ€™
[7.702s]    30 |     subscription_ = [01;31m[Kthis->create_subscription<tutorial_interfaces::msg::Num>([m[K
[7.702s]       |                     [01;31m[K~~~~~~~~~~~~~~~~~~~~~~~~~~~~~~~~~~~~~~~~~~~~~~~~~~~~~~~~^[m[K
[7.702s]    31 | [01;31m[K      "topic", 10, std::bind(&MinimalSubscriber::topic_callback, this, _1))[m[K;
[7.703s]       |       [01;31m[K~~~~~~~~~~~~~~~~~~~~~~~~~~~~~~~~~~~~~~~~~~~~~~~~~~~~~~~~~~~~~~~~~~~~~[m[K  
[7.703s] In file included from [01m[K/opt/ros/humble/include/rclcpp/rclcpp/executors/single_threaded_executor.hpp:28[m[K,
[7.703s]                  from [01m[K/opt/ros/humble/include/rclcpp/rclcpp/executors.hpp:22[m[K,
[7.703s]                  from [01m[K/opt/ros/humble/include/rclcpp/rclcpp/rclcpp.hpp:155[m[K,
[7.703s]                  from [01m[K/workspaces/isaac_ros-dev/src/cpp_pubsub/src/subscriber_member_function.cpp:17[m[K:
[7.703s] [01m[K/opt/ros/humble/include/rclcpp/rclcpp/node.hpp:219:3:[m[K [01;36m[Knote: [m[Kcandidate: â€˜[01m[Ktemplate<class MessageT, class CallbackT, class AllocatorT, class SubscriptionT, class MessageMemoryStrategyT> std::shared_ptr<ROSMessageT> rclcpp::Node::create_subscription(const string&, const rclcpp::QoS&, CallbackT&&, const rclcpp::SubscriptionOptionsWithAllocator<AllocatorT>&, typename MessageMemoryStrategyT::SharedPtr)[m[Kâ€™
[7.703s]   219 |   [01;36m[Kcreate_subscription[m[K(
[7.703s]       |   [01;36m[K^~~~~~~~~~~~~~~~~~~[m[K
[7.703s] [01m[K/opt/ros/humble/include/rclcpp/rclcpp/node.hpp:219:3:[m[K [01;36m[Knote: [m[K  template argument deduction/substitution failed:
[7.704s] [01m[K/workspaces/isaac_ros-dev/src/cpp_pubsub/src/subscriber_member_function.cpp:30:77:[m[K [01;31m[Kerror: [m[Ktemplate argument 1 is invalid
[7.704s]    30 |     subscription_ = [01;31m[Kthis->create_subscription<tutorial_interfaces::msg::Num>([m[K
[7.704s]       |                     [01;31m[K~~~~~~~~~~~~~~~~~~~~~~~~~~~~~~~~~~~~~~~~~~~~~~~~~~~~~~~~^[m[K
[7.704s]    31 | [01;31m[K      "topic", 10, std::bind(&MinimalSubscriber::topic_callback, this, _1))[m[K;
[7.704s]       |       [01;31m[K~~~~~~~~~~~~~~~~~~~~~~~~~~~~~~~~~~~~~~~~~~~~~~~~~~~~~~~~~~~~~~~~~~~~~[m[K  
[8.731s] gmake[2]: *** [CMakeFiles/listener.dir/build.make:76: CMakeFiles/listener.dir/src/subscriber_member_function.cpp.o] Error 1
[8.731s] gmake[1]: *** [CMakeFiles/Makefile2:165: CMakeFiles/listener.dir/all] Error 2
[8.731s] gmake[1]: *** Waiting for unfinished jobs....
[8.807s] gmake[2]: *** [CMakeFiles/talker.dir/build.make:76: CMakeFiles/talker.dir/src/publisher_member_function.cpp.o] Error 1
[8.807s] gmake[1]: *** [CMakeFiles/Makefile2:139: CMakeFiles/talker.dir/all] Error 2
[8.807s] gmake: *** [Makefile:146: all] Error 2
[8.813s] Invoked command in '/workspaces/isaac_ros-dev/build/cpp_pubsub' returned '2': AMENT_PREFIX_PATH=/workspaces/isaac_ros-dev/install/tutorial_interfaces:${AMENT_PREFIX_PATH} CMAKE_PREFIX_PATH=/workspaces/isaac_ros-dev/install/tutorial_interfaces:/opt/ros/humble LD_LIBRARY_PATH=/workspaces/isaac_ros-dev/install/tutorial_interfaces/lib:${LD_LIBRARY_PATH} PYTHONPATH=/workspaces/isaac_ros-dev/install/tutorial_interfaces/local/lib/python3.10/dist-packages:${PYTHONPATH} /usr/bin/cmake --build /workspaces/isaac_ros-dev/build/cpp_pubsub -- -j6 -l6
