[0.025s] Invoking command in '/workspaces/isaac_ros-dev/build/cpp_srvcli': AMENT_PREFIX_PATH=/workspaces/isaac_ros-dev/install/tutorial_interfaces:${AMENT_PREFIX_PATH} CMAKE_PREFIX_PATH=/workspaces/isaac_ros-dev/install/tutorial_interfaces:/opt/ros/humble LD_LIBRARY_PATH=/workspaces/isaac_ros-dev/install/tutorial_interfaces/lib:${LD_LIBRARY_PATH} PYTHONPATH=/workspaces/isaac_ros-dev/install/tutorial_interfaces/local/lib/python3.10/dist-packages:${PYTHONPATH} /usr/bin/cmake --build /workspaces/isaac_ros-dev/build/cpp_srvcli -- -j6 -l6
[0.125s] [35m[1mConsolidate compiler generated dependencies of target client[0m
[0.165s] [ 25%] [32mBuilding CXX object CMakeFiles/server.dir/src/server.cpp.o[0m
[0.166s] [ 50%] [32mBuilding CXX object CMakeFiles/client.dir/src/client.cpp.o[0m
[5.403s] [01m[K/workspaces/isaac_ros-dev/src/cpp_srvcli/src/server.cpp:10:58:[m[K [01;31m[Kerror: [m[Kâ€˜[01m[Kadd_three_ints[m[Kâ€™ is not a member of â€˜[01m[Ktutorial_interfaces::srv[m[Kâ€™; did you mean â€˜[01m[KAddThreeInts[m[Kâ€™?
[5.403s]    10 | void add(const std::shared_ptr<tutorial_interfaces::srv::[01;31m[Kadd_three_ints[m[K::Request> request,
[5.403s]       |                                                          [01;31m[K^~~~~~~~~~~~~~[m[K
[5.403s]       |                                                          [32m[KAddThreeInts[m[K
[5.403s] [01m[K/workspaces/isaac_ros-dev/src/cpp_srvcli/src/server.cpp:10:81:[m[K [01;31m[Kerror: [m[Ktemplate argument 1 is invalid
[5.404s]    10 | void add(const std::shared_ptr<tutorial_interfaces::srv::add_three_ints::Request[01;31m[K>[m[K request,
[5.404s]       |                                                                                 [01;31m[K^[m[K
[5.404s] [01m[K/workspaces/isaac_ros-dev/src/cpp_srvcli/src/server.cpp:10:58:[m[K [01;31m[Kerror: [m[Kâ€˜[01m[Kadd_three_ints[m[Kâ€™ is not a member of â€˜[01m[Ktutorial_interfaces::srv[m[Kâ€™; did you mean â€˜[01m[KAddThreeInts[m[Kâ€™?
[5.404s]    10 | void add(const std::shared_ptr<tutorial_interfaces::srv::[01;31m[Kadd_three_ints[m[K::Request> request,
[5.404s]       |                                                          [01;31m[K^~~~~~~~~~~~~~[m[K
[5.404s]       |                                                          [32m[KAddThreeInts[m[K
[5.404s] [01m[K/workspaces/isaac_ros-dev/src/cpp_srvcli/src/server.cpp:10:81:[m[K [01;31m[Kerror: [m[Ktemplate argument 1 is invalid
[5.404s]    10 | void add(const std::shared_ptr<tutorial_interfaces::srv::add_three_ints::Request[01;31m[K>[m[K request,
[5.404s]       |                                                                                 [01;31m[K^[m[K
[5.405s] [01m[K/workspaces/isaac_ros-dev/src/cpp_srvcli/src/server.cpp:10:58:[m[K [01;31m[Kerror: [m[Kâ€˜[01m[Kadd_three_ints[m[Kâ€™ is not a member of â€˜[01m[Ktutorial_interfaces::srv[m[Kâ€™; did you mean â€˜[01m[KAddThreeInts[m[Kâ€™?
[5.405s]    10 | void add(const std::shared_ptr<tutorial_interfaces::srv::[01;31m[Kadd_three_ints[m[K::Request> request,
[5.405s]       |                                                          [01;31m[K^~~~~~~~~~~~~~[m[K
[5.405s]       |                                                          [32m[KAddThreeInts[m[K
[5.405s] [01m[K/workspaces/isaac_ros-dev/src/cpp_srvcli/src/server.cpp:10:81:[m[K [01;31m[Kerror: [m[Ktemplate argument 1 is invalid
[5.405s]    10 | void add(const std::shared_ptr<tutorial_interfaces::srv::add_three_ints::Request[01;31m[K>[m[K request,
[5.405s]       |                                                                                 [01;31m[K^[m[K
[5.405s] [01m[K/workspaces/isaac_ros-dev/src/cpp_srvcli/src/server.cpp:10:16:[m[K [01;31m[Kerror: [m[Kinvalid template-id
[5.406s]    10 | void add(const [01;31m[Kstd[m[K::shared_ptr<tutorial_interfaces::srv::add_three_ints::Request> request,
[5.406s]       |                [01;31m[K^~~[m[K
[5.406s] [01m[K/workspaces/isaac_ros-dev/src/cpp_srvcli/src/server.cpp:10:58:[m[K [01;31m[Kerror: [m[Kâ€˜[01m[Kadd_three_ints[m[Kâ€™ is not a member of â€˜[01m[Ktutorial_interfaces::srv[m[Kâ€™; did you mean â€˜[01m[KAddThreeInts[m[Kâ€™?
[5.406s]    10 | void add(const std::shared_ptr<tutorial_interfaces::srv::[01;31m[Kadd_three_ints[m[K::Request> request,
[5.406s]       |                                                          [01;31m[K^~~~~~~~~~~~~~[m[K
[5.406s]       |                                                          [32m[KAddThreeInts[m[K
[5.406s] [01m[K/workspaces/isaac_ros-dev/src/cpp_srvcli/src/server.cpp:10:6:[m[K [01;31m[Kerror: [m[Kvariable or field â€˜[01m[Kadd[m[Kâ€™ declared void
[5.406s]    10 | void [01;31m[Kadd[m[K(const std::shared_ptr<tutorial_interfaces::srv::add_three_ints::Request> request,
[5.406s]       |      [01;31m[K^~~[m[K
[5.407s] [01m[K/workspaces/isaac_ros-dev/src/cpp_srvcli/src/server.cpp:10:10:[m[K [01;31m[Kerror: [m[Kexpected primary-expression before â€˜[01m[Kconst[m[Kâ€™
[5.407s]    10 | void add([01;31m[Kconst[m[K std::shared_ptr<tutorial_interfaces::srv::add_three_ints::Request> request,
[5.407s]       |          [01;31m[K^~~~~[m[K
[5.407s] [01m[K/workspaces/isaac_ros-dev/src/cpp_srvcli/src/server.cpp:11:59:[m[K [01;31m[Kerror: [m[Kâ€˜[01m[Kadd_three_ints[m[Kâ€™ is not a member of â€˜[01m[Ktutorial_interfaces::srv[m[Kâ€™; did you mean â€˜[01m[KAddThreeInts[m[Kâ€™?
[5.407s]    11 |                 std::shared_ptr<tutorial_interfaces::srv::[01;31m[Kadd_three_ints[m[K::Response>response)
[5.407s]       |                                                           [01;31m[K^~~~~~~~~~~~~~[m[K
[5.407s]       |                                                           [32m[KAddThreeInts[m[K
[5.407s] [01m[K/workspaces/isaac_ros-dev/src/cpp_srvcli/src/server.cpp:11:83:[m[K [01;31m[Kerror: [m[Ktemplate argument 1 is invalid
[5.408s]    11 |                 std::shared_ptr<tutorial_interfaces::srv::add_three_ints::Response[01;31m[K>[m[Kresponse)
[5.408s]       |                                                                                   [01;31m[K^[m[K
[5.408s] [01m[K/workspaces/isaac_ros-dev/src/cpp_srvcli/src/server.cpp:[m[K In function â€˜[01m[Kint main(int, char**)[m[Kâ€™:
[5.408s] [01m[K/workspaces/isaac_ros-dev/src/cpp_srvcli/src/server.cpp:27:51:[m[K [01;31m[Kerror: [m[Kâ€˜[01m[Kadd_three_ints[m[Kâ€™ is not a member of â€˜[01m[Ktutorial_interfaces::srv[m[Kâ€™; did you mean â€˜[01m[KAddThreeInts[m[Kâ€™?
[5.408s]    27 |         rclcpp::Service<tutorial_interfaces::srv::[01;31m[Kadd_three_ints[m[K>::SharedPtr service =
[5.408s]       |                                                   [01;31m[K^~~~~~~~~~~~~~[m[K
[5.408s]       |                                                   [32m[KAddThreeInts[m[K
[5.408s] [01m[K/workspaces/isaac_ros-dev/src/cpp_srvcli/src/server.cpp:27:65:[m[K [01;31m[Kerror: [m[Ktemplate argument 1 is invalid
[5.408s]    27 |         rclcpp::Service<tutorial_interfaces::srv::add_three_ints[01;31m[K>[m[K::SharedPtr service =
[5.408s]       |                                                                 [01;31m[K^[m[K
[5.409s] [01m[K/workspaces/isaac_ros-dev/src/cpp_srvcli/src/server.cpp:27:78:[m[K [01;31m[Kerror: [m[Kexpected initializer before â€˜[01m[Kservice[m[Kâ€™
[5.409s]    27 |         rclcpp::Service<tutorial_interfaces::srv::add_three_ints>::SharedPtr [01;31m[Kservice[m[K =
[5.409s]       |                                                                              [01;31m[K^~~~~~~[m[K
[6.426s] gmake[2]: *** [CMakeFiles/server.dir/build.make:76: CMakeFiles/server.dir/src/server.cpp.o] Error 1
[6.427s] gmake[1]: *** [CMakeFiles/Makefile2:139: CMakeFiles/server.dir/all] Error 2
[6.427s] gmake[1]: *** Waiting for unfinished jobs....
[8.136s] [ 75%] [32m[1mLinking CXX executable client[0m
[8.468s] [ 75%] Built target client
[8.472s] gmake: *** [Makefile:146: all] Error 2
[8.478s] Invoked command in '/workspaces/isaac_ros-dev/build/cpp_srvcli' returned '2': AMENT_PREFIX_PATH=/workspaces/isaac_ros-dev/install/tutorial_interfaces:${AMENT_PREFIX_PATH} CMAKE_PREFIX_PATH=/workspaces/isaac_ros-dev/install/tutorial_interfaces:/opt/ros/humble LD_LIBRARY_PATH=/workspaces/isaac_ros-dev/install/tutorial_interfaces/lib:${LD_LIBRARY_PATH} PYTHONPATH=/workspaces/isaac_ros-dev/install/tutorial_interfaces/local/lib/python3.10/dist-packages:${PYTHONPATH} /usr/bin/cmake --build /workspaces/isaac_ros-dev/build/cpp_srvcli -- -j6 -l6
