[0.028s] Invoking command in '/workspaces/isaac_ros-dev/build/tutorial_interfaces': CMAKE_PREFIX_PATH=/opt/ros/humble /usr/bin/cmake --build /workspaces/isaac_ros-dev/build/tutorial_interfaces -- -j6 -l6
[0.129s] [35m[1mConsolidate compiler generated dependencies of target tutorial_interfaces__rosidl_generator_c[0m
[0.157s] [  4%] [32mBuilding C object CMakeFiles/tutorial_interfaces__rosidl_generator_c.dir/rosidl_generator_c/tutorial_interfaces/srv/detail/add_three_ints__functions.c.o[0m
[0.157s] [  4%] Built target tutorial_interfaces__cpp
[0.158s] [  6%] [32mBuilding C object CMakeFiles/tutorial_interfaces__rosidl_generator_c.dir/rosidl_generator_c/tutorial_interfaces/msg/detail/sphere__functions.c.o[0m
[0.181s] [  6%] Built target ament_cmake_python_copy_tutorial_interfaces
[0.184s] [35m[1mConsolidate compiler generated dependencies of target tutorial_interfaces__rosidl_typesupport_introspection_cpp[0m
[0.184s] [35m[1mConsolidate compiler generated dependencies of target tutorial_interfaces__rosidl_typesupport_fastrtps_cpp[0m
[0.185s] [35m[1mConsolidate compiler generated dependencies of target tutorial_interfaces__rosidl_typesupport_cpp[0m
[0.201s] In file included from [01m[K/workspaces/isaac_ros-dev/build/tutorial_interfaces/rosidl_generator_c/tutorial_interfaces/msg/detail/sphere__functions.h:19[m[K,
[0.201s]                  from [01m[K/workspaces/isaac_ros-dev/build/tutorial_interfaces/rosidl_generator_c/tutorial_interfaces/msg/detail/sphere__functions.c:4[m[K:
[0.201s] [01m[K/workspaces/isaac_ros-dev/build/tutorial_interfaces/rosidl_generator_c/tutorial_interfaces/msg/detail/sphere__struct.h:22:10:[m[K [01;31m[Kfatal error: [m[Kgeometery_msgs/msg/detail/point__struct.h: No such file or directory
[0.201s]    22 | #include [01;31m[K"geometery_msgs/msg/detail/point__struct.h"[m[K
[0.202s]       |          [01;31m[K^~~~~~~~~~~~~~~~~~~~~~~~~~~~~~~~~~~~~~~~~~~[m[K
[0.202s] compilation terminated.
[0.204s] gmake[2]: *** [CMakeFiles/tutorial_interfaces__rosidl_generator_c.dir/build.make:211: CMakeFiles/tutorial_interfaces__rosidl_generator_c.dir/rosidl_generator_c/tutorial_interfaces/msg/detail/sphere__functions.c.o] Error 1
[0.204s] gmake[2]: *** Waiting for unfinished jobs....
[0.214s] [ 10%] [32mBuilding CXX object CMakeFiles/tutorial_interfaces__rosidl_typesupport_introspection_cpp.dir/rosidl_typesupport_introspection_cpp/tutorial_interfaces/msg/detail/sphere__type_support.cpp.o[0m
[0.214s] [ 10%] [32mBuilding CXX object CMakeFiles/tutorial_interfaces__rosidl_typesupport_fastrtps_cpp.dir/rosidl_typesupport_fastrtps_cpp/tutorial_interfaces/msg/detail/dds_fastrtps/sphere__type_support.cpp.o[0m
[0.223s] [ 12%] [32mBuilding CXX object CMakeFiles/tutorial_interfaces__rosidl_typesupport_cpp.dir/rosidl_typesupport_cpp/tutorial_interfaces/msg/sphere__type_support.cpp.o[0m
[0.228s] [ 14%] [32mBuilding CXX object CMakeFiles/tutorial_interfaces__rosidl_typesupport_fastrtps_cpp.dir/rosidl_typesupport_fastrtps_cpp/tutorial_interfaces/srv/detail/dds_fastrtps/add_three_ints__type_support.cpp.o[0m
[0.293s] gmake[1]: *** [CMakeFiles/Makefile2:213: CMakeFiles/tutorial_interfaces__rosidl_generator_c.dir/all] Error 2
[0.293s] gmake[1]: *** Waiting for unfinished jobs....
[0.314s] [ 17%] [32mBuilding CXX object CMakeFiles/tutorial_interfaces__rosidl_typesupport_introspection_cpp.dir/rosidl_typesupport_introspection_cpp/tutorial_interfaces/srv/detail/add_three_ints__type_support.cpp.o[0m
[0.362s] In file included from [01m[K/workspaces/isaac_ros-dev/build/tutorial_interfaces/rosidl_typesupport_fastrtps_cpp/tutorial_interfaces/msg/detail/sphere__rosidl_typesupport_fastrtps_cpp.hpp:11[m[K,
[0.362s]                  from [01m[K/workspaces/isaac_ros-dev/build/tutorial_interfaces/rosidl_typesupport_fastrtps_cpp/tutorial_interfaces/msg/detail/dds_fastrtps/sphere__type_support.cpp:4[m[K:
[0.362s] [01m[K/workspaces/isaac_ros-dev/build/tutorial_interfaces/rosidl_generator_cpp/tutorial_interfaces/msg/detail/sphere__struct.hpp:20:10:[m[K [01;31m[Kfatal error: [m[Kgeometery_msgs/msg/detail/point__struct.hpp: No such file or directory
[0.362s]    20 | #include [01;31m[K"geometery_msgs/msg/detail/point__struct.hpp"[m[K
[0.363s]       |          [01;31m[K^~~~~~~~~~~~~~~~~~~~~~~~~~~~~~~~~~~~~~~~~~~~~[m[K
[0.363s] compilation terminated.
[0.367s] gmake[2]: *** [CMakeFiles/tutorial_interfaces__rosidl_typesupport_fastrtps_cpp.dir/build.make:179: CMakeFiles/tutorial_interfaces__rosidl_typesupport_fastrtps_cpp.dir/rosidl_typesupport_fastrtps_cpp/tutorial_interfaces/msg/detail/dds_fastrtps/sphere__type_support.cpp.o] Error 1
[0.367s] gmake[2]: *** Waiting for unfinished jobs....
[0.387s] In file included from [01m[K/workspaces/isaac_ros-dev/build/tutorial_interfaces/rosidl_typesupport_introspection_cpp/tutorial_interfaces/msg/detail/sphere__type_support.cpp:12[m[K:
[0.387s] [01m[K/workspaces/isaac_ros-dev/build/tutorial_interfaces/rosidl_generator_cpp/tutorial_interfaces/msg/detail/sphere__struct.hpp:20:10:[m[K [01;31m[Kfatal error: [m[Kgeometery_msgs/msg/detail/point__struct.hpp: No such file or directory
[0.387s]    20 | #include [01;31m[K"geometery_msgs/msg/detail/point__struct.hpp"[m[K
[0.388s]       |          [01;31m[K^~~~~~~~~~~~~~~~~~~~~~~~~~~~~~~~~~~~~~~~~~~~~[m[K
[0.388s] compilation terminated.
[0.388s] In file included from [01m[K/workspaces/isaac_ros-dev/build/tutorial_interfaces/rosidl_typesupport_cpp/tutorial_interfaces/msg/sphere__type_support.cpp:7[m[K:
[0.388s] [01m[K/workspaces/isaac_ros-dev/build/tutorial_interfaces/rosidl_generator_cpp/tutorial_interfaces/msg/detail/sphere__struct.hpp:20:10:[m[K [01;31m[Kfatal error: [m[Kgeometery_msgs/msg/detail/point__struct.hpp: No such file or directory
[0.388s]    20 | #include [01;31m[K"geometery_msgs/msg/detail/point__struct.hpp"[m[K
[0.388s]       |          [01;31m[K^~~~~~~~~~~~~~~~~~~~~~~~~~~~~~~~~~~~~~~~~~~~~[m[K
[0.389s] compilation terminated.
[0.392s] gmake[2]: *** [CMakeFiles/tutorial_interfaces__rosidl_typesupport_introspection_cpp.dir/build.make:179: CMakeFiles/tutorial_interfaces__rosidl_typesupport_introspection_cpp.dir/rosidl_typesupport_introspection_cpp/tutorial_interfaces/msg/detail/sphere__type_support.cpp.o] Error 1
[0.392s] gmake[2]: *** Waiting for unfinished jobs....
[0.393s] gmake[2]: *** [CMakeFiles/tutorial_interfaces__rosidl_typesupport_cpp.dir/build.make:168: CMakeFiles/tutorial_interfaces__rosidl_typesupport_cpp.dir/rosidl_typesupport_cpp/tutorial_interfaces/msg/sphere__type_support.cpp.o] Error 1
[0.393s] gmake[1]: *** [CMakeFiles/Makefile2:395: CMakeFiles/tutorial_interfaces__rosidl_typesupport_cpp.dir/all] Error 2
[1.041s] running egg_info
[1.081s] writing tutorial_interfaces.egg-info/PKG-INFO
[1.081s] writing dependency_links to tutorial_interfaces.egg-info/dependency_links.txt
[1.082s] writing top-level names to tutorial_interfaces.egg-info/top_level.txt
[1.126s] gmake[1]: *** [CMakeFiles/Makefile2:369: CMakeFiles/tutorial_interfaces__rosidl_typesupport_introspection_cpp.dir/all] Error 2
[1.155s] gmake[1]: *** [CMakeFiles/Makefile2:291: CMakeFiles/tutorial_interfaces__rosidl_typesupport_fastrtps_cpp.dir/all] Error 2
[1.304s] ERROR setuptools_scm._file_finders.git listing git files failed - pretending there aren't any
[1.550s] reading manifest file 'tutorial_interfaces.egg-info/SOURCES.txt'
[1.551s] writing manifest file 'tutorial_interfaces.egg-info/SOURCES.txt'
[1.671s] [ 17%] Built target ament_cmake_python_build_tutorial_interfaces_egg
[1.674s] gmake: *** [Makefile:146: all] Error 2
[1.680s] Invoked command in '/workspaces/isaac_ros-dev/build/tutorial_interfaces' returned '2': CMAKE_PREFIX_PATH=/opt/ros/humble /usr/bin/cmake --build /workspaces/isaac_ros-dev/build/tutorial_interfaces -- -j6 -l6
