[0.047s] Invoking command in '/workspaces/isaac_ros-dev/build/isaac_ros_bi3d_interfaces': CMAKE_PREFIX_PATH=/opt/ros/humble /usr/bin/cmake /workspaces/isaac_ros-dev/src/isaac_ros_common/isaac_ros_bi3d_interfaces -DAMENT_CMAKE_SYMLINK_INSTALL=1 -DCMAKE_INSTALL_PREFIX=/workspaces/isaac_ros-dev/install/isaac_ros_bi3d_interfaces
[0.075s] -- Found ament_cmake_auto: 1.3.9 (/opt/ros/humble/share/ament_cmake_auto/cmake)
[0.407s] -- Override CMake install command with custom implementation using symlinks instead of copying resources
[0.589s] -- Using all available rosidl_typesupport_c: rosidl_typesupport_fastrtps_c;rosidl_typesupport_introspection_c
[0.596s] -- Found rosidl_adapter: 3.1.5 (/opt/ros/humble/share/rosidl_adapter/cmake)
[0.666s] -- Using all available rosidl_typesupport_cpp: rosidl_typesupport_fastrtps_cpp;rosidl_typesupport_introspection_cpp
[1.335s] -- Found ament_cmake_ros: 0.10.0 (/opt/ros/humble/share/ament_cmake_ros/cmake)
[1.861s] -- Using all available rosidl_typesupport_c: rosidl_typesupport_fastrtps_c;rosidl_typesupport_introspection_c
[2.581s] -- Using all available rosidl_typesupport_cpp: rosidl_typesupport_fastrtps_cpp;rosidl_typesupport_introspection_cpp
[2.641s] -- Found python_cmake_module: 0.10.0 (/opt/ros/humble/share/python_cmake_module/cmake)
[2.702s] -- Using PYTHON_EXECUTABLE: /usr/bin/python3
[2.703s] -- Using PYTHON_INCLUDE_DIRS: /usr/include/python3.10
[2.703s] -- Using PYTHON_LIBRARIES: /usr/lib/aarch64-linux-gnu/libpython3.10.so
[2.756s] -- Found ament_lint_auto: 0.12.11 (/opt/ros/humble/share/ament_lint_auto/cmake)
[2.785s] -- Added test 'copyright' to check source files copyright and LICENSE
[2.785s] -- Added test 'lint_cmake' to check CMake code style
[2.787s] -- Added test 'xmllint' to check XML markup files
[2.793s] -- Configuring done
[2.884s] -- Generating done
[2.892s] -- Build files have been written to: /workspaces/isaac_ros-dev/build/isaac_ros_bi3d_interfaces
[2.912s] Invoked command in '/workspaces/isaac_ros-dev/build/isaac_ros_bi3d_interfaces' returned '0': CMAKE_PREFIX_PATH=/opt/ros/humble /usr/bin/cmake /workspaces/isaac_ros-dev/src/isaac_ros_common/isaac_ros_bi3d_interfaces -DAMENT_CMAKE_SYMLINK_INSTALL=1 -DCMAKE_INSTALL_PREFIX=/workspaces/isaac_ros-dev/install/isaac_ros_bi3d_interfaces
[2.913s] Invoking command in '/workspaces/isaac_ros-dev/build/isaac_ros_bi3d_interfaces': CMAKE_PREFIX_PATH=/opt/ros/humble /usr/bin/cmake --build /workspaces/isaac_ros-dev/build/isaac_ros_bi3d_interfaces -- -j6 -l6
[3.067s] [  3%] Built target isaac_ros_bi3d_interfaces__cpp
[3.070s] [35m[1mConsolidate compiler generated dependencies of target isaac_ros_bi3d_interfaces__rosidl_generator_c[0m
[3.100s] failed to create symbolic link '/workspaces/isaac_ros-dev/build/isaac_ros_bi3d_interfaces/ament_cmake_python/isaac_ros_bi3d_interfaces/isaac_ros_bi3d_interfaces' because existing path cannot be removed: Is a directory
[3.102s] gmake[2]: *** [CMakeFiles/ament_cmake_python_symlink_isaac_ros_bi3d_interfaces.dir/build.make:70: CMakeFiles/ament_cmake_python_symlink_isaac_ros_bi3d_interfaces] Error 1
[3.103s] gmake[1]: *** [CMakeFiles/Makefile2:421: CMakeFiles/ament_cmake_python_symlink_isaac_ros_bi3d_interfaces.dir/all] Error 2
[3.104s] gmake[1]: *** Waiting for unfinished jobs....
[3.135s] [35m[1mConsolidate compiler generated dependencies of target isaac_ros_bi3d_interfaces__rosidl_typesupport_cpp[0m
[3.143s] [35m[1mConsolidate compiler generated dependencies of target isaac_ros_bi3d_interfaces__rosidl_typesupport_introspection_cpp[0m
[3.153s] [35m[1mConsolidate compiler generated dependencies of target isaac_ros_bi3d_interfaces__rosidl_typesupport_fastrtps_cpp[0m
[3.162s] [ 12%] Built target isaac_ros_bi3d_interfaces__rosidl_generator_c
[3.187s] [ 16%] [32mBuilding CXX object CMakeFiles/isaac_ros_bi3d_interfaces__rosidl_typesupport_cpp.dir/rosidl_typesupport_cpp/isaac_ros_bi3d_interfaces/msg/bi3_d_inference_parameters_array__type_support.cpp.o[0m
[3.194s] [ 19%] [32mBuilding CXX object CMakeFiles/isaac_ros_bi3d_interfaces__rosidl_typesupport_introspection_cpp.dir/rosidl_typesupport_introspection_cpp/isaac_ros_bi3d_interfaces/msg/detail/bi3_d_inference_parameters_array__type_support.cpp.o[0m
[3.222s] [ 22%] [32mBuilding CXX object CMakeFiles/isaac_ros_bi3d_interfaces__rosidl_typesupport_fastrtps_cpp.dir/rosidl_typesupport_fastrtps_cpp/isaac_ros_bi3d_interfaces/msg/detail/dds_fastrtps/bi3_d_inference_parameters_array__type_support.cpp.o[0m
[4.791s] [ 25%] [32m[1mLinking CXX shared library libisaac_ros_bi3d_interfaces__rosidl_typesupport_cpp.so[0m
[4.849s] [ 29%] [32m[1mLinking CXX shared library libisaac_ros_bi3d_interfaces__rosidl_typesupport_introspection_cpp.so[0m
[5.005s] [ 32%] Built target isaac_ros_bi3d_interfaces__rosidl_typesupport_cpp
[5.251s] [ 35%] Built target isaac_ros_bi3d_interfaces__rosidl_typesupport_introspection_cpp
[5.894s] [ 38%] [32m[1mLinking CXX shared library libisaac_ros_bi3d_interfaces__rosidl_typesupport_fastrtps_cpp.so[0m
[6.202s] [ 41%] Built target isaac_ros_bi3d_interfaces__rosidl_typesupport_fastrtps_cpp
[6.205s] gmake: *** [Makefile:146: all] Error 2
[6.219s] Invoked command in '/workspaces/isaac_ros-dev/build/isaac_ros_bi3d_interfaces' returned '2': CMAKE_PREFIX_PATH=/opt/ros/humble /usr/bin/cmake --build /workspaces/isaac_ros-dev/build/isaac_ros_bi3d_interfaces -- -j6 -l6
