[01m[K/home/joe/vt/autonav/ros2_ws/src/planner/src/main.cpp:[m[K In member function â€˜[01m[Kvoid Planner::callback(sensor_msgs::msg::Image_<std::allocator<void> >::SharedPtr) const[m[Kâ€™:
[01m[K/home/joe/vt/autonav/ros2_ws/src/planner/src/main.cpp:25:58:[m[K [01;35m[Kwarning: [m[Kunused parameter â€˜[01m[Kmsg[m[Kâ€™ [[01;35m[K]8;;https://gcc.gnu.org/onlinedocs/gcc/Warning-Options.html#index-Wunused-parameter-Wunused-parameter]8;;[m[K]
   25 |   void callback([01;35m[Kconst sensor_msgs::msg::Image::SharedPtr msg[m[K) const
      |                 [01;35m[K~~~~~~~~~~~~~~~~~~~~~~~~~~~~~~~~~~~~~~~~~^~~[m[K
[01m[K/home/joe/vt/autonav/ros2_ws/src/planner/src/main.cpp:[m[K In function â€˜[01m[Kint main(int, char**)[m[Kâ€™:
[01m[K/home/joe/vt/autonav/ros2_ws/src/planner/src/main.cpp:37:33:[m[K [01;31m[Kerror: [m[Kâ€˜[01m[KDetector[m[Kâ€™ was not declared in this scope
   37 |   rclcpp::spin(std::make_shared<[01;31m[KDetector[m[K>());
      |                                 [01;31m[K^~~~~~~~[m[K
[01m[K/home/joe/vt/autonav/ros2_ws/src/planner/src/main.cpp:37:42:[m[K [01;31m[Kerror: [m[Kno matching function for call to â€˜[01m[Kmake_shared<<expression error> >()[m[Kâ€™
   37 |   rclcpp::spin([01;31m[Kstd::make_shared<Detector>()[m[K);
      |                [01;31m[K~~~~~~~~~~~~~~~~~~~~~~~~~~^~[m[K
In file included from [01m[K/usr/include/c++/11/memory:77[m[K,
                 from [01m[K/opt/ros/humble/include/rclcpp/rclcpp/rclcpp.hpp:153[m[K,
                 from [01m[K/home/joe/vt/autonav/ros2_ws/src/planner/src/main.cpp:1[m[K:
[01m[K/usr/include/c++/11/bits/shared_ptr.h:875:5:[m[K [01;36m[Knote: [m[Kcandidate: â€˜[01m[Ktemplate<class _Tp, class ... _Args> std::shared_ptr<_Tp> std::make_shared(_Args&& ...)[m[Kâ€™
  875 |     [01;36m[Kmake_shared[m[K(_Args&&... __args)
      |     [01;36m[K^~~~~~~~~~~[m[K
[01m[K/usr/include/c++/11/bits/shared_ptr.h:875:5:[m[K [01;36m[Knote: [m[K  template argument deduction/substitution failed:
[01m[K/home/joe/vt/autonav/ros2_ws/src/planner/src/main.cpp:37:42:[m[K [01;31m[Kerror: [m[Ktemplate argument 1 is invalid
   37 |   rclcpp::spin([01;31m[Kstd::make_shared<Detector>()[m[K);
      |                [01;31m[K~~~~~~~~~~~~~~~~~~~~~~~~~~^~[m[K
gmake[2]: *** [CMakeFiles/planner.dir/build.make:76: CMakeFiles/planner.dir/src/main.cpp.o] Error 1
gmake[1]: *** [CMakeFiles/Makefile2:137: CMakeFiles/planner.dir/all] Error 2
gmake: *** [Makefile:146: all] Error 2
