[0.073s] Invoking command in '/workspaces/isaac_ros-dev/build/isaac_ros_apriltag_interfaces': CMAKE_PREFIX_PATH=/opt/ros/humble /usr/bin/cmake /workspaces/isaac_ros-dev/src/isaac_ros_common/isaac_ros_apriltag_interfaces -DCMAKE_INSTALL_PREFIX=/workspaces/isaac_ros-dev/install/isaac_ros_apriltag_interfaces
[0.105s] -- Found ament_cmake_auto: 1.3.9 (/opt/ros/humble/share/ament_cmake_auto/cmake)
[0.403s] -- Override CMake install command with custom implementation using symlinks instead of copying resources
[0.591s] -- Using all available rosidl_typesupport_c: rosidl_typesupport_fastrtps_c;rosidl_typesupport_introspection_c
[0.598s] -- Found rosidl_adapter: 3.1.5 (/opt/ros/humble/share/rosidl_adapter/cmake)
[0.664s] -- Using all available rosidl_typesupport_cpp: rosidl_typesupport_fastrtps_cpp;rosidl_typesupport_introspection_cpp
[1.482s] -- Found ament_cmake_ros: 0.10.0 (/opt/ros/humble/share/ament_cmake_ros/cmake)
[2.087s] -- Using all available rosidl_typesupport_c: rosidl_typesupport_fastrtps_c;rosidl_typesupport_introspection_c
[2.917s] -- Using all available rosidl_typesupport_cpp: rosidl_typesupport_fastrtps_cpp;rosidl_typesupport_introspection_cpp
[2.980s] -- Found python_cmake_module: 0.10.0 (/opt/ros/humble/share/python_cmake_module/cmake)
[3.042s] -- Using PYTHON_EXECUTABLE: /usr/bin/python3
[3.042s] -- Using PYTHON_INCLUDE_DIRS: /usr/include/python3.10
[3.042s] -- Using PYTHON_LIBRARIES: /usr/lib/aarch64-linux-gnu/libpython3.10.so
[3.134s] -- Found ament_lint_auto: 0.12.11 (/opt/ros/humble/share/ament_lint_auto/cmake)
[3.171s] -- Added test 'copyright' to check source files copyright and LICENSE
[3.174s] -- Added test 'lint_cmake' to check CMake code style
[3.176s] -- Added test 'xmllint' to check XML markup files
[3.193s] -- Configuring done
[4.482s] -- Generating done
[4.489s] -- Build files have been written to: /workspaces/isaac_ros-dev/build/isaac_ros_apriltag_interfaces
[4.514s] Invoked command in '/workspaces/isaac_ros-dev/build/isaac_ros_apriltag_interfaces' returned '0': CMAKE_PREFIX_PATH=/opt/ros/humble /usr/bin/cmake /workspaces/isaac_ros-dev/src/isaac_ros_common/isaac_ros_apriltag_interfaces -DCMAKE_INSTALL_PREFIX=/workspaces/isaac_ros-dev/install/isaac_ros_apriltag_interfaces
[4.521s] Invoking command in '/workspaces/isaac_ros-dev/build/isaac_ros_apriltag_interfaces': CMAKE_PREFIX_PATH=/opt/ros/humble /usr/bin/cmake --build /workspaces/isaac_ros-dev/build/isaac_ros_apriltag_interfaces -- -j6 -l6
[4.635s] [35m[1mConsolidate compiler generated dependencies of target isaac_ros_apriltag_interfaces__rosidl_generator_c[0m
[4.647s] failed to create symbolic link '/workspaces/isaac_ros-dev/build/isaac_ros_apriltag_interfaces/ament_cmake_python/isaac_ros_apriltag_interfaces/isaac_ros_apriltag_interfaces' because existing path cannot be removed: Is a directory
[4.650s] gmake[2]: *** [CMakeFiles/ament_cmake_python_symlink_isaac_ros_apriltag_interfaces.dir/build.make:70: CMakeFiles/ament_cmake_python_symlink_isaac_ros_apriltag_interfaces] Error 1
[4.650s] gmake[1]: *** [CMakeFiles/Makefile2:421: CMakeFiles/ament_cmake_python_symlink_isaac_ros_apriltag_interfaces.dir/all] Error 2
[4.650s] gmake[1]: *** Waiting for unfinished jobs....
[4.662s] [  2%] Built target isaac_ros_apriltag_interfaces__cpp
[4.671s] [ 12%] Built target isaac_ros_apriltag_interfaces__rosidl_generator_c
[4.674s] gmake: *** [Makefile:146: all] Error 2
[4.680s] Invoked command in '/workspaces/isaac_ros-dev/build/isaac_ros_apriltag_interfaces' returned '2': CMAKE_PREFIX_PATH=/opt/ros/humble /usr/bin/cmake --build /workspaces/isaac_ros-dev/build/isaac_ros_apriltag_interfaces -- -j6 -l6
