[0.051s] Invoking command in '/workspaces/isaac_ros-dev/build/isaac_ros_apriltag_interfaces': CMAKE_PREFIX_PATH=/opt/ros/humble /usr/bin/cmake /workspaces/isaac_ros-dev/src/isaac_ros_common/isaac_ros_apriltag_interfaces -DCMAKE_INSTALL_PREFIX=/workspaces/isaac_ros-dev/install/isaac_ros_apriltag_interfaces
[0.078s] -- Found ament_cmake_auto: 1.3.10 (/opt/ros/humble/share/ament_cmake_auto/cmake)
[0.388s] -- Override CMake install command with custom implementation using symlinks instead of copying resources
[0.560s] -- Using all available rosidl_typesupport_c: rosidl_typesupport_fastrtps_c;rosidl_typesupport_introspection_c
[0.565s] -- Found rosidl_adapter: 3.1.5 (/opt/ros/humble/share/rosidl_adapter/cmake)
[0.644s] -- Using all available rosidl_typesupport_cpp: rosidl_typesupport_fastrtps_cpp;rosidl_typesupport_introspection_cpp
[1.325s] -- Found ament_cmake_ros: 0.10.0 (/opt/ros/humble/share/ament_cmake_ros/cmake)
[1.916s] -- Using all available rosidl_typesupport_c: rosidl_typesupport_fastrtps_c;rosidl_typesupport_introspection_c
[2.684s] -- Using all available rosidl_typesupport_cpp: rosidl_typesupport_fastrtps_cpp;rosidl_typesupport_introspection_cpp
[2.746s] -- Found python_cmake_module: 0.10.0 (/opt/ros/humble/share/python_cmake_module/cmake)
[2.804s] -- Using PYTHON_EXECUTABLE: /usr/bin/python3
[2.804s] -- Using PYTHON_INCLUDE_DIRS: /usr/include/python3.10
[2.804s] -- Using PYTHON_LIBRARIES: /usr/lib/aarch64-linux-gnu/libpython3.10.so
[2.878s] -- Found ament_lint_auto: 0.12.11 (/opt/ros/humble/share/ament_lint_auto/cmake)
[2.903s] -- Added test 'copyright' to check source files copyright and LICENSE
[2.906s] -- Added test 'lint_cmake' to check CMake code style
[2.907s] -- Added test 'xmllint' to check XML markup files
[2.913s] -- Configuring done
[3.005s] -- Generating done
[3.016s] -- Build files have been written to: /workspaces/isaac_ros-dev/build/isaac_ros_apriltag_interfaces
[3.042s] Invoked command in '/workspaces/isaac_ros-dev/build/isaac_ros_apriltag_interfaces' returned '0': CMAKE_PREFIX_PATH=/opt/ros/humble /usr/bin/cmake /workspaces/isaac_ros-dev/src/isaac_ros_common/isaac_ros_apriltag_interfaces -DCMAKE_INSTALL_PREFIX=/workspaces/isaac_ros-dev/install/isaac_ros_apriltag_interfaces
[3.053s] Invoking command in '/workspaces/isaac_ros-dev/build/isaac_ros_apriltag_interfaces': CMAKE_PREFIX_PATH=/opt/ros/humble /usr/bin/cmake --build /workspaces/isaac_ros-dev/build/isaac_ros_apriltag_interfaces -- -j6 -l6
[3.167s] [35m[1mConsolidate compiler generated dependencies of target isaac_ros_apriltag_interfaces__rosidl_generator_c[0m
[3.186s] failed to create symbolic link '/workspaces/isaac_ros-dev/build/isaac_ros_apriltag_interfaces/ament_cmake_python/isaac_ros_apriltag_interfaces/isaac_ros_apriltag_interfaces' because existing path cannot be removed: Is a directory
[3.188s] gmake[2]: *** [CMakeFiles/ament_cmake_python_symlink_isaac_ros_apriltag_interfaces.dir/build.make:70: CMakeFiles/ament_cmake_python_symlink_isaac_ros_apriltag_interfaces] Error 1
[3.189s] gmake[1]: *** [CMakeFiles/Makefile2:421: CMakeFiles/ament_cmake_python_symlink_isaac_ros_apriltag_interfaces.dir/all] Error 2
[3.189s] gmake[1]: *** Waiting for unfinished jobs....
[3.198s] [ 10%] Built target isaac_ros_apriltag_interfaces__rosidl_generator_c
[3.203s] [ 12%] Built target isaac_ros_apriltag_interfaces__cpp
[3.203s] gmake: *** [Makefile:146: all] Error 2
[3.210s] Invoked command in '/workspaces/isaac_ros-dev/build/isaac_ros_apriltag_interfaces' returned '2': CMAKE_PREFIX_PATH=/opt/ros/humble /usr/bin/cmake --build /workspaces/isaac_ros-dev/build/isaac_ros_apriltag_interfaces -- -j6 -l6
