[0.006s] Invoking command in '/home/joe/vt/autonav/ros2_ws/build/autonav_interfaces': /usr/bin/cmake --build /home/joe/vt/autonav/ros2_ws/build/autonav_interfaces -- -j8 -l8
[0.020s] -- Found rosidl_default_generators: 1.2.0 (/opt/ros/humble/share/rosidl_default_generators/cmake)
[0.020s] -- Found ament_cmake_core: 1.3.10 (/opt/ros/humble/share/ament_cmake_core/cmake)
[0.103s] Traceback (most recent call last):
[0.103s]   File "/opt/ros/humble/share/ament_cmake_core/cmake/package_templates/templates_2_cmake.py", line 21, in <module>
[0.103s]     from ament_package.templates import get_environment_hook_template_path
[0.103s] ModuleNotFoundError: No module named 'ament_package'
[0.110s] [31mCMake Error at /opt/ros/humble/share/ament_cmake_core/cmake/ament_cmake_package_templates-extras.cmake:41 (message):
[0.110s]   execute_process(/usr/bin/python3
[0.110s]   /opt/ros/humble/share/ament_cmake_core/cmake/package_templates/templates_2_cmake.py
[0.110s]   /home/joe/vt/autonav/ros2_ws/build/autonav_interfaces/ament_cmake_package_templates/templates.cmake)
[0.110s]   returned error code 1
[0.110s] Call Stack (most recent call first):
[0.110s]   /opt/ros/humble/share/ament_cmake_core/cmake/ament_cmake_coreConfig.cmake:41 (include)
[0.110s]   /opt/ros/humble/share/rosidl_default_generators/cmake/rosidl_default_generators-extras.cmake:4 (find_package)
[0.110s]   /opt/ros/humble/share/rosidl_default_generators/cmake/rosidl_default_generatorsConfig.cmake:41 (include)
[0.110s]   CMakeLists.txt:13 (find_package)
[0.110s] 
[0.110s] [0m
[0.110s] -- Configuring incomplete, errors occurred!
[0.110s] See also "/home/joe/vt/autonav/ros2_ws/build/autonav_interfaces/CMakeFiles/CMakeOutput.log".
[0.112s] gmake: *** [Makefile:747: cmake_check_build_system] Error 1
[0.113s] Invoked command in '/home/joe/vt/autonav/ros2_ws/build/autonav_interfaces' returned '2': /usr/bin/cmake --build /home/joe/vt/autonav/ros2_ws/build/autonav_interfaces -- -j8 -l8
